        -:    0:Source:D:/IDE/CLion 2023.1.4/workspace/sudoku/googletest/googletest/src/gtest.cc
        -:    0:Graph:D:\IDE\CLion 2023.1.4\workspace\sudoku\cmake-build-debug-\googletest\googlemock\gtest\CMakeFiles\gtest.dir\src\gtest-all.cc.gcno
        -:    0:Data:D:\IDE\CLion 2023.1.4\workspace\sudoku\cmake-build-debug-\googletest\googlemock\gtest\CMakeFiles\gtest.dir\src\gtest-all.cc.gcda
        -:    0:Runs:1
        -:    1:// Copyright 2005, Google Inc.
        -:    2:// All rights reserved.
        -:    3://
        -:    4:// Redistribution and use in source and binary forms, with or without
        -:    5:// modification, are permitted provided that the following conditions are
        -:    6:// met:
        -:    7://
        -:    8://     * Redistributions of source code must retain the above copyright
        -:    9:// notice, this list of conditions and the following disclaimer.
        -:   10://     * Redistributions in binary form must reproduce the above
        -:   11:// copyright notice, this list of conditions and the following disclaimer
        -:   12:// in the documentation and/or other materials provided with the
        -:   13:// distribution.
        -:   14://     * Neither the name of Google Inc. nor the names of its
        -:   15:// contributors may be used to endorse or promote products derived from
        -:   16:// this software without specific prior written permission.
        -:   17://
        -:   18:// THIS SOFTWARE IS PROVIDED BY THE COPYRIGHT HOLDERS AND CONTRIBUTORS
        -:   19:// "AS IS" AND ANY EXPRESS OR IMPLIED WARRANTIES, INCLUDING, BUT NOT
        -:   20:// LIMITED TO, THE IMPLIED WARRANTIES OF MERCHANTABILITY AND FITNESS FOR
        -:   21:// A PARTICULAR PURPOSE ARE DISCLAIMED. IN NO EVENT SHALL THE COPYRIGHT
        -:   22:// OWNER OR CONTRIBUTORS BE LIABLE FOR ANY DIRECT, INDIRECT, INCIDENTAL,
        -:   23:// SPECIAL, EXEMPLARY, OR CONSEQUENTIAL DAMAGES (INCLUDING, BUT NOT
        -:   24:// LIMITED TO, PROCUREMENT OF SUBSTITUTE GOODS OR SERVICES; LOSS OF USE,
        -:   25:// DATA, OR PROFITS; OR BUSINESS INTERRUPTION) HOWEVER CAUSED AND ON ANY
        -:   26:// THEORY OF LIABILITY, WHETHER IN CONTRACT, STRICT LIABILITY, OR TORT
        -:   27:// (INCLUDING NEGLIGENCE OR OTHERWISE) ARISING IN ANY WAY OUT OF THE USE
        -:   28:// OF THIS SOFTWARE, EVEN IF ADVISED OF THE POSSIBILITY OF SUCH DAMAGE.
        -:   29:
        -:   30://
        -:   31:// The Google C++ Testing and Mocking Framework (Google Test)
        -:   32:
        -:   33:#include "gtest/gtest.h"
        -:   34:#include "gtest/internal/custom/gtest.h"
        -:   35:#include "gtest/gtest-spi.h"
        -:   36:
        -:   37:#include <ctype.h>
        -:   38:#include <math.h>
        -:   39:#include <stdarg.h>
        -:   40:#include <stdio.h>
        -:   41:#include <stdlib.h>
        -:   42:#include <time.h>
        -:   43:#include <wchar.h>
        -:   44:#include <wctype.h>
        -:   45:
        -:   46:#include <algorithm>
        -:   47:#include <iomanip>
        -:   48:#include <limits>
        -:   49:#include <list>
        -:   50:#include <map>
        -:   51:#include <ostream>  // NOLINT
        -:   52:#include <sstream>
        -:   53:#include <vector>
        -:   54:
        -:   55:#if GTEST_OS_LINUX
        -:   56:
        -:   57:// FIXME: Use autoconf to detect availability of
        -:   58:// gettimeofday().
        -:   59:# define GTEST_HAS_GETTIMEOFDAY_ 1
        -:   60:
        -:   61:# include <fcntl.h>  // NOLINT
        -:   62:# include <limits.h>  // NOLINT
        -:   63:# include <sched.h>  // NOLINT
        -:   64:// Declares vsnprintf().  This header is not available on Windows.
        -:   65:# include <strings.h>  // NOLINT
        -:   66:# include <sys/mman.h>  // NOLINT
        -:   67:# include <sys/time.h>  // NOLINT
        -:   68:# include <unistd.h>  // NOLINT
        -:   69:# include <string>
        -:   70:
        -:   71:#elif GTEST_OS_SYMBIAN
        -:   72:# define GTEST_HAS_GETTIMEOFDAY_ 1
        -:   73:# include <sys/time.h>  // NOLINT
        -:   74:
        -:   75:#elif GTEST_OS_ZOS
        -:   76:# define GTEST_HAS_GETTIMEOFDAY_ 1
        -:   77:# include <sys/time.h>  // NOLINT
        -:   78:
        -:   79:// On z/OS we additionally need strings.h for strcasecmp.
        -:   80:# include <strings.h>  // NOLINT
        -:   81:
        -:   82:#elif GTEST_OS_WINDOWS_MOBILE  // We are on Windows CE.
        -:   83:
        -:   84:# include <windows.h>  // NOLINT
        -:   85:# undef min
        -:   86:
        -:   87:#elif GTEST_OS_WINDOWS  // We are on Windows proper.
        -:   88:
        -:   89:# include <io.h>  // NOLINT
        -:   90:# include <sys/timeb.h>  // NOLINT
        -:   91:# include <sys/types.h>  // NOLINT
        -:   92:# include <sys/stat.h>  // NOLINT
        -:   93:
        -:   94:# if GTEST_OS_WINDOWS_MINGW
        -:   95:// MinGW has gettimeofday() but not _ftime64().
        -:   96:// FIXME: Use autoconf to detect availability of
        -:   97://   gettimeofday().
        -:   98:// FIXME: There are other ways to get the time on
        -:   99://   Windows, like GetTickCount() or GetSystemTimeAsFileTime().  MinGW
        -:  100://   supports these.  consider using them instead.
        -:  101:#  define GTEST_HAS_GETTIMEOFDAY_ 1
        -:  102:#  include <sys/time.h>  // NOLINT
        -:  103:# endif  // GTEST_OS_WINDOWS_MINGW
        -:  104:
        -:  105:// cpplint thinks that the header is already included, so we want to
        -:  106:// silence it.
        -:  107:# include <windows.h>  // NOLINT
        -:  108:# undef min
        -:  109:
        -:  110:#else
        -:  111:
        -:  112:// Assume other platforms have gettimeofday().
        -:  113:// FIXME: Use autoconf to detect availability of
        -:  114://   gettimeofday().
        -:  115:# define GTEST_HAS_GETTIMEOFDAY_ 1
        -:  116:
        -:  117:// cpplint thinks that the header is already included, so we want to
        -:  118:// silence it.
        -:  119:# include <sys/time.h>  // NOLINT
        -:  120:# include <unistd.h>  // NOLINT
        -:  121:
        -:  122:#endif  // GTEST_OS_LINUX
        -:  123:
        -:  124:#if GTEST_HAS_EXCEPTIONS
        -:  125:# include <stdexcept>
        -:  126:#endif
        -:  127:
        -:  128:#if GTEST_CAN_STREAM_RESULTS_
        -:  129:# include <arpa/inet.h>  // NOLINT
        -:  130:# include <netdb.h>  // NOLINT
        -:  131:# include <sys/socket.h>  // NOLINT
        -:  132:# include <sys/types.h>  // NOLINT
        -:  133:#endif
        -:  134:
        -:  135:#include "src/gtest-internal-inl.h"
        -:  136:
        -:  137:#if GTEST_OS_WINDOWS
        -:  138:# define vsnprintf _vsnprintf
        -:  139:#endif  // GTEST_OS_WINDOWS
        -:  140:
        -:  141:#if GTEST_OS_MAC
        -:  142:#ifndef GTEST_OS_IOS
        -:  143:#include <crt_externs.h>
        -:  144:#endif
        -:  145:#endif
        -:  146:
        -:  147:#if GTEST_HAS_ABSL
        -:  148:#include "absl/debugging/failure_signal_handler.h"
        -:  149:#include "absl/debugging/stacktrace.h"
        -:  150:#include "absl/debugging/symbolize.h"
        -:  151:#include "absl/strings/str_cat.h"
        -:  152:#endif  // GTEST_HAS_ABSL
        -:  153:
        -:  154:namespace testing {
        -:  155:
        -:  156:using internal::CountIf;
        -:  157:using internal::ForEach;
        -:  158:using internal::GetElementOr;
        -:  159:using internal::Shuffle;
        -:  160:
        -:  161:// Constants.
        -:  162:
        -:  163:// A test whose test case name or test name matches this filter is
        -:  164:// disabled and not run.
        -:  165:static const char kDisableTestFilter[] = "DISABLED_*:*/DISABLED_*";
        -:  166:
        -:  167:// A test case whose name matches this filter is considered a death
        -:  168:// test case and will be run before test cases whose name doesn't
        -:  169:// match this filter.
        -:  170:static const char kDeathTestCaseFilter[] = "*DeathTest:*DeathTest/*";
        -:  171:
        -:  172:// A test filter that matches everything.
        -:  173:static const char kUniversalFilter[] = "*";
        -:  174:
        -:  175:// The default output format.
        -:  176:static const char kDefaultOutputFormat[] = "xml";
        -:  177:// The default output file.
        -:  178:static const char kDefaultOutputFile[] = "test_detail";
        -:  179:
        -:  180:// The environment variable name for the test shard index.
        -:  181:static const char kTestShardIndex[] = "GTEST_SHARD_INDEX";
        -:  182:// The environment variable name for the total number of test shards.
        -:  183:static const char kTestTotalShards[] = "GTEST_TOTAL_SHARDS";
        -:  184:// The environment variable name for the test shard status file.
        -:  185:static const char kTestShardStatusFile[] = "GTEST_SHARD_STATUS_FILE";
        -:  186:
        -:  187:namespace internal {
        -:  188:
        -:  189:// The text used in failure messages to indicate the start of the
        -:  190:// stack trace.
        -:  191:const char kStackTraceMarker[] = "\nStack trace:\n";
        -:  192:
        -:  193:// g_help_flag is true iff the --help flag or an equivalent form is
        -:  194:// specified on the command line.
        -:  195:bool g_help_flag = false;
        -:  196:
        -:  197:// Utilty function to Open File for Writing
function _ZN7testing8internalL18OpenFileForWritingERKNSt7__cxx1112basic_stringIcSt11char_traitsIcESaIcEEE called 0 returned 0% blocks executed 0%
    #####:  198:static FILE* OpenFileForWriting(const std::string& output_file) {
    #####:  199:  FILE* fileout = NULL;
    #####:  200:  FilePath output_file_path(output_file);
    %%%%%:  200-block  0
call    0 never executed
branch  1 never executed
branch  2 never executed
    #####:  201:  FilePath output_dir(output_file_path.RemoveFileName());
    %%%%%:  201-block  0
call    0 never executed
branch  1 never executed
branch  2 never executed
        -:  202:
    #####:  203:  if (output_dir.CreateDirectoriesRecursively()) {
    %%%%%:  203-block  0
call    0 never executed
branch  1 never executed
branch  2 never executed
    %%%%%:  203-block  1
branch  3 never executed
branch  4 never executed
    #####:  204:    fileout = posix::FOpen(output_file.c_str(), "w");
    %%%%%:  204-block  0
call    0 never executed
call    1 never executed
branch  2 never executed
branch  3 never executed
    %%%%%:  204-block  1
        -:  205:  }
    #####:  206:  if (fileout == NULL) {
    %%%%%:  206-block  0
branch  0 never executed
branch  1 never executed
    #####:  207:    GTEST_LOG_(FATAL) << "Unable to open file \"" << output_file << "\"";
    %%%%%:  207-block  0
call    0 never executed
branch  1 never executed
branch  2 never executed
    %%%%%:  207-block  1
call    3 never executed
call    4 never executed
branch  5 never executed
branch  6 never executed
    %%%%%:  207-block  2
call    7 never executed
branch  8 never executed
branch  9 never executed
    %%%%%:  207-block  3
call   10 never executed
branch 11 never executed
branch 12 never executed
    %%%%%:  207-block  4
call   13 never executed
    $$$$$:  207-block  5
call   14 never executed
    $$$$$:  207-block  6
        -:  208:  }
    #####:  209:  return fileout;
    %%%%%:  209-block  0
    #####:  210:}
    %%%%%:  210-block  0
call    0 never executed
call    1 never executed
    $$$$$:  210-block  1
call    2 never executed
    $$$$$:  210-block  2
call    3 never executed
        -:  211:
        -:  212:}  // namespace internal
        -:  213:
        -:  214:// Bazel passes in the argument to '--test_filter' via the TESTBRIDGE_TEST_ONLY
        -:  215:// environment variable.
function _ZN7testingL16GetDefaultFilterEv called 1 returned 100% blocks executed 80%
        1:  216:static const char* GetDefaultFilter() {
        -:  217:  const char* const testbridge_test_only =
        1:  218:      internal::posix::GetEnv("TESTBRIDGE_TEST_ONLY");
        1:  218-block  0
call    0 returned 1
        1:  219:  if (testbridge_test_only != NULL) {
branch  0 taken 0 (fallthrough)
branch  1 taken 1
    #####:  220:    return testbridge_test_only;
    %%%%%:  220-block  0
        -:  221:  }
        1:  222:  return kUniversalFilter;
        1:  222-block  0
        -:  223:}
        -:  224:
        -:  225:GTEST_DEFINE_bool_(
        -:  226:    also_run_disabled_tests,
        -:  227:    internal::BoolFromGTestEnv("also_run_disabled_tests", false),
        -:  228:    "Run disabled tests too, in addition to the tests normally being run.");
        -:  229:
        -:  230:GTEST_DEFINE_bool_(
        -:  231:    break_on_failure,
        -:  232:    internal::BoolFromGTestEnv("break_on_failure", false),
        -:  233:    "True iff a failed assertion should be a debugger break-point.");
        -:  234:
        -:  235:GTEST_DEFINE_bool_(
        -:  236:    catch_exceptions,
        -:  237:    internal::BoolFromGTestEnv("catch_exceptions", true),
        -:  238:    "True iff " GTEST_NAME_
        -:  239:    " should catch exceptions and treat them as test failures.");
        -:  240:
        -:  241:GTEST_DEFINE_string_(
        -:  242:    color,
        -:  243:    internal::StringFromGTestEnv("color", "auto"),
        -:  244:    "Whether to use colors in the output.  Valid values: yes, no, "
        -:  245:    "and auto.  'auto' means to use colors if the output is "
        -:  246:    "being sent to a terminal and the TERM environment variable "
        -:  247:    "is set to a terminal type that supports colors.");
        -:  248:
        -:  249:GTEST_DEFINE_string_(
        -:  250:    filter,
        -:  251:    internal::StringFromGTestEnv("filter", GetDefaultFilter()),
        -:  252:    "A colon-separated list of glob (not regex) patterns "
        -:  253:    "for filtering the tests to run, optionally followed by a "
        -:  254:    "'-' and a : separated list of negative patterns (tests to "
        -:  255:    "exclude).  A test is run if it matches one of the positive "
        -:  256:    "patterns and does not match any of the negative patterns.");
        -:  257:
        -:  258:GTEST_DEFINE_bool_(
        -:  259:    install_failure_signal_handler,
        -:  260:    internal::BoolFromGTestEnv("install_failure_signal_handler", false),
        -:  261:    "If true and supported on the current platform, " GTEST_NAME_ " should "
        -:  262:    "install a signal handler that dumps debugging information when fatal "
        -:  263:    "signals are raised.");
        -:  264:
        -:  265:GTEST_DEFINE_bool_(list_tests, false,
        -:  266:                   "List all tests without running them.");
        -:  267:
        -:  268:// The net priority order after flag processing is thus:
        -:  269://   --gtest_output command line flag
        -:  270://   GTEST_OUTPUT environment variable
        -:  271://   XML_OUTPUT_FILE environment variable
        -:  272://   ''
        -:  273:GTEST_DEFINE_string_(
        -:  274:    output,
        -:  275:    internal::StringFromGTestEnv("output",
        -:  276:      internal::OutputFlagAlsoCheckEnvVar().c_str()),
        -:  277:    "A format (defaults to \"xml\" but can be specified to be \"json\"), "
        -:  278:    "optionally followed by a colon and an output file name or directory. "
        -:  279:    "A directory is indicated by a trailing pathname separator. "
        -:  280:    "Examples: \"xml:filename.xml\", \"xml::directoryname/\". "
        -:  281:    "If a directory is specified, output files will be created "
        -:  282:    "within that directory, with file-names based on the test "
        -:  283:    "executable's name and, if necessary, made unique by adding "
        -:  284:    "digits.");
        -:  285:
        -:  286:GTEST_DEFINE_bool_(
        -:  287:    print_time,
        -:  288:    internal::BoolFromGTestEnv("print_time", true),
        -:  289:    "True iff " GTEST_NAME_
        -:  290:    " should display elapsed time in text output.");
        -:  291:
        -:  292:GTEST_DEFINE_bool_(
        -:  293:    print_utf8,
        -:  294:    internal::BoolFromGTestEnv("print_utf8", true),
        -:  295:    "True iff " GTEST_NAME_
        -:  296:    " prints UTF8 characters as text.");
        -:  297:
        -:  298:GTEST_DEFINE_int32_(
        -:  299:    random_seed,
        -:  300:    internal::Int32FromGTestEnv("random_seed", 0),
        -:  301:    "Random number seed to use when shuffling test orders.  Must be in range "
        -:  302:    "[1, 99999], or 0 to use a seed based on the current time.");
        -:  303:
        -:  304:GTEST_DEFINE_int32_(
        -:  305:    repeat,
        -:  306:    internal::Int32FromGTestEnv("repeat", 1),
        -:  307:    "How many times to repeat each test.  Specify a negative number "
        -:  308:    "for repeating forever.  Useful for shaking out flaky tests.");
        -:  309:
        -:  310:GTEST_DEFINE_bool_(
        -:  311:    show_internal_stack_frames, false,
        -:  312:    "True iff " GTEST_NAME_ " should include internal stack frames when "
        -:  313:    "printing test failure stack traces.");
        -:  314:
        -:  315:GTEST_DEFINE_bool_(
        -:  316:    shuffle,
        -:  317:    internal::BoolFromGTestEnv("shuffle", false),
        -:  318:    "True iff " GTEST_NAME_
        -:  319:    " should randomize tests' order on every run.");
        -:  320:
        -:  321:GTEST_DEFINE_int32_(
        -:  322:    stack_trace_depth,
        -:  323:    internal::Int32FromGTestEnv("stack_trace_depth", kMaxStackTraceDepth),
        -:  324:    "The maximum number of stack frames to print when an "
        -:  325:    "assertion fails.  The valid range is 0 through 100, inclusive.");
        -:  326:
        -:  327:GTEST_DEFINE_string_(
        -:  328:    stream_result_to,
        -:  329:    internal::StringFromGTestEnv("stream_result_to", ""),
        -:  330:    "This flag specifies the host name and the port number on which to stream "
        -:  331:    "test results. Example: \"localhost:555\". The flag is effective only on "
        -:  332:    "Linux.");
        -:  333:
        -:  334:GTEST_DEFINE_bool_(
        -:  335:    throw_on_failure,
        -:  336:    internal::BoolFromGTestEnv("throw_on_failure", false),
        -:  337:    "When this flag is specified, a failed assertion will throw an exception "
        -:  338:    "if exceptions are enabled or exit the program with a non-zero code "
        -:  339:    "otherwise. For use with an external test framework.");
        -:  340:
        -:  341:#if GTEST_USE_OWN_FLAGFILE_FLAG_
        -:  342:GTEST_DEFINE_string_(
        -:  343:    flagfile,
        -:  344:    internal::StringFromGTestEnv("flagfile", ""),
        -:  345:    "This flag specifies the flagfile to read command-line flags from.");
        -:  346:#endif  // GTEST_USE_OWN_FLAGFILE_FLAG_
        -:  347:
        -:  348:namespace internal {
        -:  349:
        -:  350:// Generates a random number from [0, range), using a Linear
        -:  351:// Congruential Generator (LCG).  Crashes if 'range' is 0 or greater
        -:  352:// than kMaxRange.
function _ZN7testing8internal6Random8GenerateEj called 0 returned 0% blocks executed 0%
    #####:  353:UInt32 Random::Generate(UInt32 range) {
        -:  354:  // These constants are the same as are used in glibc's rand(3).
        -:  355:  // Use wider types than necessary to prevent unsigned overflow diagnostics.
    #####:  356:  state_ = static_cast<UInt32>(1103515245ULL*state_ + 12345U) % kMaxRange;
        -:  357:
    #####:  358:  GTEST_CHECK_(range > 0)
    %%%%%:  358-block  0
call    0 never executed
branch  1 never executed
branch  2 never executed
    %%%%%:  358-block  1
call    3 never executed
call    4 never executed
    %%%%%:  358-block  2
call    5 never executed
    $$$$$:  358-block  3
call    6 never executed
    $$$$$:  358-block  4
call    7 never executed
    #####:  359:      << "Cannot generate a number in the range [0, 0).";
call    0 never executed
branch  1 never executed
branch  2 never executed
    %%%%%:  359-block  0
call    3 never executed
branch  4 never executed
branch  5 never executed
    #####:  360:  GTEST_CHECK_(range <= kMaxRange)
    %%%%%:  360-block  0
call    0 never executed
branch  1 never executed
branch  2 never executed
    %%%%%:  360-block  1
call    3 never executed
call    4 never executed
    %%%%%:  360-block  2
call    5 never executed
    $$$$$:  360-block  3
call    6 never executed
    #####:  361:      << "Generation of a number in [0, " << range << ") was requested, "
call    0 never executed
branch  1 never executed
branch  2 never executed
    %%%%%:  361-block  0
call    3 never executed
branch  4 never executed
branch  5 never executed
    %%%%%:  361-block  1
call    6 never executed
branch  7 never executed
branch  8 never executed
    #####:  362:      << "but this can only generate numbers in [0, " << kMaxRange << ").";
    %%%%%:  362-block  0
call    0 never executed
branch  1 never executed
branch  2 never executed
    %%%%%:  362-block  1
call    3 never executed
branch  4 never executed
branch  5 never executed
    %%%%%:  362-block  2
call    6 never executed
branch  7 never executed
branch  8 never executed
    %%%%%:  362-block  3
call    9 never executed
branch 10 never executed
branch 11 never executed
        -:  363:
        -:  364:  // Converting via modulus introduces a bit of downward bias, but
        -:  365:  // it's simple, and a linear congruential generator isn't too good
        -:  366:  // to begin with.
    #####:  367:  return state_ % range;
    %%%%%:  367-block  0
    %%%%%:  367-block  1
        -:  368:}
        -:  369:
        -:  370:// GTestIsInitialized() returns true iff the user has initialized
        -:  371:// Google Test.  Useful for catching the user mistake of not initializing
        -:  372:// Google Test before calling RUN_ALL_TESTS().
function _ZN7testing8internalL18GTestIsInitializedEv called 2 returned 100% blocks executed 100%
        2:  373:static bool GTestIsInitialized() { return GetArgvs().size() > 0; }
        2:  373-block  0
call    0 returned 2
call    1 returned 2
call    2 returned 2
        -:  374:
        -:  375:// Iterates over a vector of TestCases, keeping a running sum of the
        -:  376:// results of calling a given int-returning method on each.
        -:  377:// Returns the sum.
function _ZN7testing8internalL19SumOverTestCaseListERKSt6vectorIPNS_8TestCaseESaIS3_EEMS2_KFivE called 5 returned 100% blocks executed 91%
        5:  378:static int SumOverTestCaseList(const std::vector<TestCase*>& case_list,
        -:  379:                               int (TestCase::*method)() const) {
        5:  380:  int sum = 0;
       10:  381:  for (size_t i = 0; i < case_list.size(); i++) {
        5:  381-block  0
       10:  381-block  1
call    0 returned 10
branch  1 taken 5
branch  2 taken 5 (fallthrough)
       5*:  382:    sum += (case_list[i]->*method)();
        5:  382-block  0
call    0 returned 5
branch  1 taken 0 (fallthrough)
branch  2 taken 5
    %%%%%:  382-block  1
        5:  382-block  2
        5:  382-block  3
call    3 returned 5
        -:  383:  }
        5:  384:  return sum;
        5:  384-block  0
        -:  385:}
        -:  386:
        -:  387:// Returns true iff the test case passed.
function _ZN7testing8internalL14TestCasePassedEPKNS_8TestCaseE called 0 returned 0% blocks executed 0%
    #####:  388:static bool TestCasePassed(const TestCase* test_case) {
    #####:  389:  return test_case->should_run() && test_case->Passed();
    %%%%%:  389-block  0
call    0 never executed
branch  1 never executed
branch  2 never executed
    %%%%%:  389-block  1
call    3 never executed
branch  4 never executed
branch  5 never executed
    %%%%%:  389-block  2
    %%%%%:  389-block  3
    %%%%%:  389-block  4
        -:  390:}
        -:  391:
        -:  392:// Returns true iff the test case failed.
function _ZN7testing8internalL14TestCaseFailedEPKNS_8TestCaseE called 2 returned 100% blocks executed 88%
        2:  393:static bool TestCaseFailed(const TestCase* test_case) {
       2*:  394:  return test_case->should_run() && test_case->Failed();
        2:  394-block  0
call    0 returned 2
branch  1 taken 2 (fallthrough)
branch  2 taken 0
        2:  394-block  1
call    3 returned 2
branch  4 taken 0 (fallthrough)
branch  5 taken 2
    %%%%%:  394-block  2
        2:  394-block  3
        2:  394-block  4
        -:  395:}
        -:  396:
        -:  397:// Returns true iff test_case contains at least one test that should
        -:  398:// run.
function _ZN7testing8internalL17ShouldRunTestCaseEPKNS_8TestCaseE called 2 returned 100% blocks executed 100%
        2:  399:static bool ShouldRunTestCase(const TestCase* test_case) {
        2:  400:  return test_case->should_run();
        2:  400-block  0
call    0 returned 2
        -:  401:}
        -:  402:
        -:  403:// AssertHelper constructor.
function _ZN7testing8internal12AssertHelperC2ENS_14TestPartResult4TypeEPKciS5_ called 0 returned 0% blocks executed 0%
    #####:  404:AssertHelper::AssertHelper(TestPartResult::Type type,
        -:  405:                           const char* file,
        -:  406:                           int line,
    #####:  407:                           const char* message)
    #####:  408:    : data_(new AssertHelperData(type, file, line, message)) {
    %%%%%:  408-block  0
call    0 never executed
call    1 never executed
branch  2 never executed
branch  3 never executed
    $$$$$:  408-block  1
call    4 never executed
    #####:  409:}
    %%%%%:  409-block  0
        -:  410:
function _ZN7testing8internal12AssertHelperD2Ev called 0 returned 0% blocks executed 0%
    #####:  411:AssertHelper::~AssertHelper() {
    #####:  412:  delete data_;
    %%%%%:  412-block  0
branch  0 never executed
branch  1 never executed
    %%%%%:  412-block  1
call    2 never executed
call    3 never executed
    #####:  413:}
        -:  414:
        -:  415:// Message assignment, for assertion streaming support.
function _ZNK7testing8internal12AssertHelperaSERKNS_7MessageE called 0 returned 0% blocks executed 0%
    #####:  416:void AssertHelper::operator=(const Message& message) const {
        -:  417:  UnitTest::GetInstance()->
    #####:  418:    AddTestPartResult(data_->type, data_->file, data_->line,
    %%%%%:  418-block  0
call    0 never executed
    %%%%%:  418-block  1
call    1 never executed
branch  2 never executed
branch  3 never executed
    #####:  419:                      AppendUserMessage(data_->message, message),
call    0 never executed
branch  1 never executed
branch  2 never executed
    %%%%%:  419-block  0
call    3 never executed
    $$$$$:  419-block  1
call    4 never executed
    $$$$$:  419-block  2
        -:  420:                      UnitTest::GetInstance()->impl()
    #####:  421:                      ->CurrentOsStackTraceExceptTop(1)
call    0 never executed
call    1 never executed
call    2 never executed
call    3 never executed
    $$$$$:  421-block  0
call    4 never executed
        -:  422:                      // Skips the stack frame for this function itself.
        -:  423:                      );  // NOLINT
    #####:  424:}
        -:  425:
        -:  426:// Mutex for linked pointers.
        -:  427:GTEST_API_ GTEST_DEFINE_STATIC_MUTEX_(g_linked_ptr_mutex);
        -:  428:
        -:  429:// A copy of all command line arguments.  Set by InitGoogleTest().
        -:  430:static ::std::vector<std::string> g_argvs;
        -:  431:
function _ZN7testing8internal8GetArgvsB5cxx11Ev called 2 returned 100% blocks executed 100%
        2:  432:::std::vector<std::string> GetArgvs() {
        -:  433:#if defined(GTEST_CUSTOM_GET_ARGVS_)
        -:  434:  // GTEST_CUSTOM_GET_ARGVS_() may return a container of std::string or
        -:  435:  // ::string. This code converts it to the appropriate type.
        -:  436:  const auto& custom = GTEST_CUSTOM_GET_ARGVS_();
        -:  437:  return ::std::vector<std::string>(custom.begin(), custom.end());
        -:  438:#else   // defined(GTEST_CUSTOM_GET_ARGVS_)
        2:  439:  return g_argvs;
        2:  439-block  0
call    0 returned 2
        -:  440:#endif  // defined(GTEST_CUSTOM_GET_ARGVS_)
        -:  441:}
        -:  442:
        -:  443:// Returns the current application's name, removing directory path if that
        -:  444:// is present.
function _ZN7testing8internal24GetCurrentExecutableNameEv called 0 returned 0% blocks executed 0%
    #####:  445:FilePath GetCurrentExecutableName() {
    #####:  446:  FilePath result;
    %%%%%:  446-block  0
call    0 never executed
branch  1 never executed
branch  2 never executed
        -:  447:
        -:  448:#if GTEST_OS_WINDOWS
    #####:  449:  result.Set(FilePath(GetArgvs()[0]).RemoveExtension("exe"));
    %%%%%:  449-block  0
call    0 never executed
branch  1 never executed
branch  2 never executed
    %%%%%:  449-block  1
call    3 never executed
call    4 never executed
branch  5 never executed
branch  6 never executed
    %%%%%:  449-block  2
call    7 never executed
branch  8 never executed
branch  9 never executed
    %%%%%:  449-block  3
call   10 never executed
branch 11 never executed
branch 12 never executed
    %%%%%:  449-block  4
call   13 never executed
call   14 never executed
call   15 never executed
    $$$$$:  449-block  5
call   16 never executed
    $$$$$:  449-block  6
    $$$$$:  449-block  7
call   17 never executed
    $$$$$:  449-block  8
    $$$$$:  449-block  9
call   18 never executed
    $$$$$:  449-block 10
        -:  450:#else
        -:  451:  result.Set(FilePath(GetArgvs()[0]));
        -:  452:#endif  // GTEST_OS_WINDOWS
        -:  453:
    #####:  454:  return result.RemoveDirectoryName();
call    0 never executed
branch  1 never executed
branch  2 never executed
    %%%%%:  454-block  0
    #####:  455:}
    %%%%%:  455-block  0
call    0 never executed
    $$$$$:  455-block  1
call    1 never executed
        -:  456:
        -:  457:// Functions for processing the gtest_output flag.
        -:  458:
        -:  459:// Returns the output format, or "" for normal printed output.
function _ZN7testing8internal15UnitTestOptions15GetOutputFormatB5cxx11Ev called 1 returned 100% blocks executed 50%
        1:  460:std::string UnitTestOptions::GetOutputFormat() {
        1:  461:  const char* const gtest_output_flag = GTEST_FLAG(output).c_str();
        1:  461-block  0
call    0 returned 1
        1:  462:  const char* const colon = strchr(gtest_output_flag, ':');
        -:  463:  return (colon == NULL) ?
        -:  464:      std::string(gtest_output_flag) :
       1*:  465:      std::string(gtest_output_flag, colon - gtest_output_flag);
branch  0 taken 1 (fallthrough)
branch  1 taken 0
        1:  465-block  0
call    2 returned 1
call    3 returned 1
branch  4 taken 1 (fallthrough)
branch  5 taken 0 (throw)
    %%%%%:  465-block  1
call    6 never executed
call    7 never executed
branch  8 never executed
branch  9 never executed
        1:  465-block  2
branch 10 taken 0 (fallthrough)
branch 11 taken 1
    %%%%%:  465-block  3
call   12 never executed
        1:  465-block  4
branch 13 taken 1 (fallthrough)
branch 14 taken 0
        1:  465-block  5
call   15 returned 1
        1:  465-block  6
        1:  465-block  7
    $$$$$:  465-block  8
branch 16 never executed
branch 17 never executed
    $$$$$:  465-block  9
call   18 never executed
    $$$$$:  465-block 10
    $$$$$:  465-block 11
branch 19 never executed
branch 20 never executed
    $$$$$:  465-block 12
call   21 never executed
        -:  466:}
        -:  467:
        -:  468:// Returns the name of the requested output file, or the default if none
        -:  469:// was explicitly specified.
function _ZN7testing8internal15UnitTestOptions27GetAbsolutePathToOutputFileB5cxx11Ev called 0 returned 0% blocks executed 0%
    #####:  470:std::string UnitTestOptions::GetAbsolutePathToOutputFile() {
    #####:  471:  const char* const gtest_output_flag = GTEST_FLAG(output).c_str();
    %%%%%:  471-block  0
call    0 never executed
        -:  472:
    #####:  473:  std::string format = GetOutputFormat();
call    0 never executed
branch  1 never executed
branch  2 never executed
    #####:  474:  if (format.empty())
    %%%%%:  474-block  0
call    0 never executed
branch  1 never executed
branch  2 never executed
    #####:  475:    format = std::string(kDefaultOutputFormat);
    %%%%%:  475-block  0
call    0 never executed
call    1 never executed
branch  2 never executed
branch  3 never executed
    %%%%%:  475-block  1
call    4 never executed
call    5 never executed
call    6 never executed
    $$$$$:  475-block  2
call    7 never executed
    $$$$$:  475-block  3
        -:  476:
    #####:  477:  const char* const colon = strchr(gtest_output_flag, ':');
    #####:  478:  if (colon == NULL)
    %%%%%:  478-block  0
branch  0 never executed
branch  1 never executed
    #####:  479:    return internal::FilePath::MakeFileName(
    %%%%%:  479-block  0
call    0 never executed
    %%%%%:  479-block  1
call    1 never executed
branch  2 never executed
branch  3 never executed
    %%%%%:  479-block  2
call    4 never executed
    $$$$$:  479-block  3
call    5 never executed
    $$$$$:  479-block  4
    #####:  480:        internal::FilePath(
    %%%%%:  480-block  0
call    0 never executed
call    1 never executed
branch  2 never executed
branch  3 never executed
    %%%%%:  480-block  1
call    4 never executed
call    5 never executed
branch  6 never executed
branch  7 never executed
    %%%%%:  480-block  2
call    8 never executed
branch  9 never executed
branch 10 never executed
call   11 never executed
call   12 never executed
call   13 never executed
    $$$$$:  480-block  3
call   14 never executed
    $$$$$:  480-block  4
    $$$$$:  480-block  5
call   15 never executed
    $$$$$:  480-block  6
    $$$$$:  480-block  7
call   16 never executed
    $$$$$:  480-block  8
        -:  481:            UnitTest::GetInstance()->original_working_dir()),
    #####:  482:        internal::FilePath(kDefaultOutputFile), 0,
call    0 never executed
call    1 never executed
branch  2 never executed
branch  3 never executed
    %%%%%:  482-block  0
call    4 never executed
branch  5 never executed
branch  6 never executed
call    7 never executed
call    8 never executed
call    9 never executed
    $$$$$:  482-block  1
call   10 never executed
    $$$$$:  482-block  2
    $$$$$:  482-block  3
call   11 never executed
    $$$$$:  482-block  4
    $$$$$:  482-block  5
call   12 never executed
    $$$$$:  482-block  6
    #####:  483:        format.c_str()).string();
    %%%%%:  483-block  0
call    0 never executed
call    1 never executed
branch  2 never executed
branch  3 never executed
        -:  484:
    #####:  485:  internal::FilePath output_name(colon + 1);
    %%%%%:  485-block  0
call    0 never executed
call    1 never executed
branch  2 never executed
branch  3 never executed
    %%%%%:  485-block  1
call    4 never executed
branch  5 never executed
branch  6 never executed
call    7 never executed
    $$$$$:  485-block  2
    $$$$$:  485-block  3
    #####:  486:  if (!output_name.IsAbsolutePath())
call    0 never executed
branch  1 never executed
branch  2 never executed
        -:  487:    // FIXME: on Windows \some\path is not an absolute
        -:  488:    // path (as its meaning depends on the current drive), yet the
        -:  489:    // following logic for turning it into an absolute path is wrong.
        -:  490:    // Fix it.
    #####:  491:    output_name = internal::FilePath::ConcatPaths(
    %%%%%:  491-block  0
call    0 never executed
branch  1 never executed
branch  2 never executed
    %%%%%:  491-block  1
call    3 never executed
    $$$$$:  491-block  2
call    4 never executed
    $$$$$:  491-block  3
    #####:  492:        internal::FilePath(UnitTest::GetInstance()->original_working_dir()),
    %%%%%:  492-block  0
call    0 never executed
call    1 never executed
branch  2 never executed
branch  3 never executed
    %%%%%:  492-block  1
call    4 never executed
call    5 never executed
branch  6 never executed
branch  7 never executed
    %%%%%:  492-block  2
call    8 never executed
branch  9 never executed
branch 10 never executed
call   11 never executed
call   12 never executed
call   13 never executed
    $$$$$:  492-block  3
call   14 never executed
    $$$$$:  492-block  4
    $$$$$:  492-block  5
call   15 never executed
    $$$$$:  492-block  6
    $$$$$:  492-block  7
call   16 never executed
    $$$$$:  492-block  8
    #####:  493:        internal::FilePath(colon + 1));
    %%%%%:  493-block  0
call    0 never executed
call    1 never executed
branch  2 never executed
branch  3 never executed
    %%%%%:  493-block  1
call    4 never executed
branch  5 never executed
branch  6 never executed
    %%%%%:  493-block  2
call    7 never executed
branch  8 never executed
branch  9 never executed
call   10 never executed
call   11 never executed
call   12 never executed
    $$$$$:  493-block  3
call   13 never executed
    $$$$$:  493-block  4
    $$$$$:  493-block  5
call   14 never executed
    $$$$$:  493-block  6
    $$$$$:  493-block  7
call   15 never executed
    $$$$$:  493-block  8
        -:  494:
    #####:  495:  if (!output_name.IsDirectory())
    %%%%%:  495-block  0
call    0 never executed
branch  1 never executed
branch  2 never executed
    #####:  496:    return output_name.string();
    %%%%%:  496-block  0
call    0 never executed
call    1 never executed
branch  2 never executed
branch  3 never executed
        -:  497:
        -:  498:  internal::FilePath result(internal::FilePath::GenerateUniqueFileName(
    #####:  499:      output_name, internal::GetCurrentExecutableName(),
call    0 never executed
branch  1 never executed
branch  2 never executed
call    3 never executed
    $$$$$:  499-block  0
    #####:  500:      GetOutputFormat().c_str()));
    %%%%%:  500-block  0
call    0 never executed
branch  1 never executed
branch  2 never executed
    %%%%%:  500-block  1
call    3 never executed
    %%%%%:  500-block  2
call    4 never executed
branch  5 never executed
branch  6 never executed
    $$$$$:  500-block  3
    #####:  501:  return result.string();
call    0 never executed
call    1 never executed
branch  2 never executed
branch  3 never executed
    #####:  502:}
    %%%%%:  502-block  0
call    0 never executed
    %%%%%:  502-block  1
call    1 never executed
    %%%%%:  502-block  2
call    2 never executed
    $$$$$:  502-block  3
call    3 never executed
    $$$$$:  502-block  4
call    4 never executed
    $$$$$:  502-block  5
call    5 never executed
        -:  503:
        -:  504:// Returns true iff the wildcard pattern matches the string.  The
        -:  505:// first ':' or '\0' character in pattern marks the end of it.
        -:  506://
        -:  507:// This recursive algorithm isn't very efficient, but is clear and
        -:  508:// works well enough for matching test names, which are short.
function _ZN7testing8internal15UnitTestOptions20PatternMatchesStringEPKcS3_ called 768 returned 100% blocks executed 61%
      768:  509:bool UnitTestOptions::PatternMatchesString(const char *pattern,
        -:  510:                                           const char *str) {
      768:  511:  switch (*pattern) {
      768:  511-block  0
branch  0 taken 18
branch  1 taken 0
branch  2 taken 482
branch  3 taken 268
       18:  512:    case '\0':
        -:  513:    case ':':  // Either ':' or '\0' marks the end of the pattern.
       18:  514:      return *str == '\0';
       18:  514-block  0
    #####:  515:    case '?':  // Matches any single character.
    #####:  516:      return *str != '\0' && PatternMatchesString(pattern + 1, str + 1);
    %%%%%:  516-block  0
branch  0 never executed
branch  1 never executed
    %%%%%:  516-block  1
call    2 never executed
branch  3 never executed
branch  4 never executed
    %%%%%:  516-block  2
    %%%%%:  516-block  3
    %%%%%:  516-block  4
      482:  517:    case '*':  // Matches any string (possibly empty) of characters.
      741:  518:      return (*str != '\0' && PatternMatchesString(pattern, str + 1)) ||
      482:  518-block  0
branch  0 taken 453 (fallthrough)
branch  1 taken 29
      453:  518-block  1
call    2 returned 453
branch  3 taken 230 (fallthrough)
branch  4 taken 223
      232:  518-block  2
      250:  518-block  3
      741:  519:          PatternMatchesString(pattern + 1, str);
      259:  519-block  0
call    0 returned 259
branch  1 taken 9 (fallthrough)
branch  2 taken 250
      482:  519-block  1
      268:  520:    default:  // Non-special character.  Matches itself.
     268*:  521:      return *pattern == *str &&
      268:  521-block  0
branch  0 taken 0 (fallthrough)
branch  1 taken 268
    %%%%%:  521-block  1
      268:  521-block  2
     268*:  522:          PatternMatchesString(pattern + 1, str + 1);
    %%%%%:  522-block  0
call    0 never executed
branch  1 never executed
branch  2 never executed
      268:  522-block  1
        -:  523:  }
        -:  524:}
        -:  525:
function _ZN7testing8internal15UnitTestOptions13MatchesFilterERKNSt7__cxx1112basic_stringIcSt11char_traitsIcESaIcEEEPKc called 37 returned 100% blocks executed 100%
       37:  526:bool UnitTestOptions::MatchesFilter(
        -:  527:    const std::string& name, const char* filter) {
       37:  528:  const char *cur_pattern = filter;
       37:  528-block  0
        -:  529:  for (;;) {
       56:  530:    if (PatternMatchesString(cur_pattern, name.c_str())) {
       56:  530-block  0
call    0 returned 56
call    1 returned 56
branch  2 taken 9 (fallthrough)
branch  3 taken 47
        9:  531:      return true;
        9:  531-block  0
        -:  532:    }
        -:  533:
        -:  534:    // Finds the next pattern in the filter.
       47:  535:    cur_pattern = strchr(cur_pattern, ':');
        -:  536:
        -:  537:    // Returns if no more pattern can be found.
       47:  538:    if (cur_pattern == NULL) {
       47:  538-block  0
branch  0 taken 28 (fallthrough)
branch  1 taken 19
       28:  539:      return false;
       28:  539-block  0
        -:  540:    }
        -:  541:
        -:  542:    // Skips the pattern separater (the ':' character).
       19:  543:    cur_pattern++;
       19:  543-block  0
        -:  544:  }
        -:  545:}
        -:  546:
        -:  547:// Returns true iff the user-specified filter matches the test case
        -:  548:// name and the test name.
function _ZN7testing8internal15UnitTestOptions17FilterMatchesTestERKNSt7__cxx1112basic_stringIcSt11char_traitsIcESaIcEEES9_ called 9 returned 100% blocks executed 45%
        9:  549:bool UnitTestOptions::FilterMatchesTest(const std::string &test_case_name,
        -:  550:                                        const std::string &test_name) {
        9:  551:  const std::string& full_name = test_case_name + "." + test_name.c_str();
        9:  551-block  0
call    0 returned 9
call    1 returned 9
branch  2 taken 9 (fallthrough)
branch  3 taken 0 (throw)
        9:  551-block  1
call    4 returned 9
branch  5 taken 9 (fallthrough)
branch  6 taken 0 (throw)
        9:  551-block  2
call    7 returned 9
    $$$$$:  551-block  3
call    8 never executed
    $$$$$:  551-block  4
        -:  552:
        -:  553:  // Split --gtest_filter at '-', if there is one, to separate into
        -:  554:  // positive filter and negative filter portions
        9:  555:  const char* const p = GTEST_FLAG(filter).c_str();
call    0 returned 9
        9:  556:  const char* const dash = strchr(p, '-');
        9:  557:  std::string positive;
call    0 returned 9
        9:  558:  std::string negative;
call    0 returned 9
        9:  559:  if (dash == NULL) {
branch  0 taken 9 (fallthrough)
branch  1 taken 0
        9:  560:    positive = GTEST_FLAG(filter).c_str();  // Whole string is a positive filter
        9:  560-block  0
call    0 returned 9
call    1 returned 9
branch  2 taken 9 (fallthrough)
branch  3 taken 0 (throw)
        9:  561:    negative = "";
        9:  561-block  0
call    0 returned 9
branch  1 taken 9 (fallthrough)
branch  2 taken 0 (throw)
        -:  562:  } else {
    #####:  563:    positive = std::string(p, dash);   // Everything up to the dash
    %%%%%:  563-block  0
call    0 never executed
call    1 never executed
branch  2 never executed
branch  3 never executed
    %%%%%:  563-block  1
call    4 never executed
call    5 never executed
call    6 never executed
    $$$$$:  563-block  2
call    7 never executed
    $$$$$:  563-block  3
    #####:  564:    negative = std::string(dash + 1);  // Everything after the dash
call    0 never executed
call    1 never executed
branch  2 never executed
branch  3 never executed
    %%%%%:  564-block  0
call    4 never executed
call    5 never executed
call    6 never executed
    $$$$$:  564-block  1
call    7 never executed
    $$$$$:  564-block  2
    #####:  565:    if (positive.empty()) {
call    0 never executed
branch  1 never executed
branch  2 never executed
        -:  566:      // Treat '-test1' as the same as '*-test1'
    #####:  567:      positive = kUniversalFilter;
    %%%%%:  567-block  0
call    0 never executed
branch  1 never executed
branch  2 never executed
        -:  568:    }
        -:  569:  }
        -:  570:
        -:  571:  // A filter is a colon-separated list of patterns.  It matches a
        -:  572:  // test if any pattern in it matches the test.
      18*:  573:  return (MatchesFilter(full_name, positive.c_str()) &&
        9:  573-block  0
call    0 returned 9
call    1 returned 9
branch  2 taken 9 (fallthrough)
branch  3 taken 0 (throw)
        9:  573-block  1
branch  4 taken 9 (fallthrough)
branch  5 taken 0
        9:  573-block  2
    %%%%%:  573-block  3
       18:  574:          !MatchesFilter(full_name, negative.c_str()));
        9:  574-block  0
call    0 returned 9
call    1 returned 9
branch  2 taken 9 (fallthrough)
branch  3 taken 0 (throw)
        9:  574-block  1
branch  4 taken 9 (fallthrough)
branch  5 taken 0
        9:  574-block  2
        9:  575:}
        9:  575-block  0
call    0 returned 9
call    1 returned 9
call    2 returned 9
    $$$$$:  575-block  1
call    3 never executed
    $$$$$:  575-block  2
call    4 never executed
    $$$$$:  575-block  3
call    5 never executed
        -:  576:
        -:  577:#if GTEST_HAS_SEH
        -:  578:// Returns EXCEPTION_EXECUTE_HANDLER if Google Test should handle the
        -:  579:// given SEH exception, or EXCEPTION_CONTINUE_SEARCH otherwise.
        -:  580:// This function is useful as an __except condition.
        -:  581:int UnitTestOptions::GTestShouldProcessSEH(DWORD exception_code) {
        -:  582:  // Google Test should handle a SEH exception if:
        -:  583:  //   1. the user wants it to, AND
        -:  584:  //   2. this is not a breakpoint exception, AND
        -:  585:  //   3. this is not a C++ exception (VC++ implements them via SEH,
        -:  586:  //      apparently).
        -:  587:  //
        -:  588:  // SEH exception code for C++ exceptions.
        -:  589:  // (see http://support.microsoft.com/kb/185294 for more information).
        -:  590:  const DWORD kCxxExceptionCode = 0xe06d7363;
        -:  591:
        -:  592:  bool should_handle = true;
        -:  593:
        -:  594:  if (!GTEST_FLAG(catch_exceptions))
        -:  595:    should_handle = false;
        -:  596:  else if (exception_code == EXCEPTION_BREAKPOINT)
        -:  597:    should_handle = false;
        -:  598:  else if (exception_code == kCxxExceptionCode)
        -:  599:    should_handle = false;
        -:  600:
        -:  601:  return should_handle ? EXCEPTION_EXECUTE_HANDLER : EXCEPTION_CONTINUE_SEARCH;
        -:  602:}
        -:  603:#endif  // GTEST_HAS_SEH
        -:  604:
        -:  605:}  // namespace internal
        -:  606:
        -:  607:// The c'tor sets this object as the test part result reporter used by
        -:  608:// Google Test.  The 'result' parameter specifies where to report the
        -:  609:// results. Intercepts only failures from the current thread.
function _ZN7testing32ScopedFakeTestPartResultReporterC2EPNS_19TestPartResultArrayE called 0 returned 0% blocks executed 0%
    #####:  610:ScopedFakeTestPartResultReporter::ScopedFakeTestPartResultReporter(
    #####:  611:    TestPartResultArray* result)
    #####:  612:    : intercept_mode_(INTERCEPT_ONLY_CURRENT_THREAD),
    #####:  613:      result_(result) {
    %%%%%:  613-block  0
call    0 never executed
    #####:  614:  Init();
call    0 never executed
branch  1 never executed
branch  2 never executed
    #####:  615:}
    %%%%%:  615-block  0
    $$$$$:  615-block  1
call    0 never executed
        -:  616:
        -:  617:// The c'tor sets this object as the test part result reporter used by
        -:  618:// Google Test.  The 'result' parameter specifies where to report the
        -:  619:// results.
function _ZN7testing32ScopedFakeTestPartResultReporterC2ENS0_13InterceptModeEPNS_19TestPartResultArrayE called 0 returned 0% blocks executed 0%
    #####:  620:ScopedFakeTestPartResultReporter::ScopedFakeTestPartResultReporter(
    #####:  621:    InterceptMode intercept_mode, TestPartResultArray* result)
    #####:  622:    : intercept_mode_(intercept_mode),
    #####:  623:      result_(result) {
    %%%%%:  623-block  0
call    0 never executed
    #####:  624:  Init();
call    0 never executed
branch  1 never executed
branch  2 never executed
    #####:  625:}
    %%%%%:  625-block  0
    $$$$$:  625-block  1
call    0 never executed
        -:  626:
function _ZN7testing32ScopedFakeTestPartResultReporter4InitEv called 0 returned 0% blocks executed 0%
    #####:  627:void ScopedFakeTestPartResultReporter::Init() {
    #####:  628:  internal::UnitTestImpl* const impl = internal::GetUnitTestImpl();
    %%%%%:  628-block  0
call    0 never executed
    #####:  629:  if (intercept_mode_ == INTERCEPT_ALL_THREADS) {
branch  0 never executed
branch  1 never executed
    #####:  630:    old_reporter_ = impl->GetGlobalTestPartResultReporter();
    %%%%%:  630-block  0
call    0 never executed
    #####:  631:    impl->SetGlobalTestPartResultReporter(this);
call    0 never executed
        -:  632:  } else {
    #####:  633:    old_reporter_ = impl->GetTestPartResultReporterForCurrentThread();
    %%%%%:  633-block  0
call    0 never executed
    #####:  634:    impl->SetTestPartResultReporterForCurrentThread(this);
call    0 never executed
        -:  635:  }
    #####:  636:}
        -:  637:
        -:  638:// The d'tor restores the test part result reporter used by Google Test
        -:  639:// before.
    #####:  640:ScopedFakeTestPartResultReporter::~ScopedFakeTestPartResultReporter() {
    #####:  641:  internal::UnitTestImpl* const impl = internal::GetUnitTestImpl();
    #####:  642:  if (intercept_mode_ == INTERCEPT_ALL_THREADS) {
    #####:  643:    impl->SetGlobalTestPartResultReporter(old_reporter_);
        -:  644:  } else {
    #####:  645:    impl->SetTestPartResultReporterForCurrentThread(old_reporter_);
        -:  646:  }
    #####:  647:}
------------------
_ZN7testing32ScopedFakeTestPartResultReporterD0Ev:
function _ZN7testing32ScopedFakeTestPartResultReporterD0Ev called 0 returned 0% blocks executed 0%
    #####:  640:ScopedFakeTestPartResultReporter::~ScopedFakeTestPartResultReporter() {
        -:  641:  internal::UnitTestImpl* const impl = internal::GetUnitTestImpl();
        -:  642:  if (intercept_mode_ == INTERCEPT_ALL_THREADS) {
        -:  643:    impl->SetGlobalTestPartResultReporter(old_reporter_);
        -:  644:  } else {
        -:  645:    impl->SetTestPartResultReporterForCurrentThread(old_reporter_);
        -:  646:  }
    #####:  647:}
    %%%%%:  647-block  0
call    0 never executed
call    1 never executed
------------------
_ZN7testing32ScopedFakeTestPartResultReporterD2Ev:
function _ZN7testing32ScopedFakeTestPartResultReporterD2Ev called 0 returned 0% blocks executed 0%
    #####:  640:ScopedFakeTestPartResultReporter::~ScopedFakeTestPartResultReporter() {
    #####:  641:  internal::UnitTestImpl* const impl = internal::GetUnitTestImpl();
    %%%%%:  641-block  0
call    0 never executed
    #####:  642:  if (intercept_mode_ == INTERCEPT_ALL_THREADS) {
branch  0 never executed
branch  1 never executed
    #####:  643:    impl->SetGlobalTestPartResultReporter(old_reporter_);
    %%%%%:  643-block  0
call    0 never executed
        -:  644:  } else {
    #####:  645:    impl->SetTestPartResultReporterForCurrentThread(old_reporter_);
    %%%%%:  645-block  0
call    0 never executed
        -:  646:  }
    #####:  647:}
    %%%%%:  647-block  0
call    0 never executed
------------------
        -:  648:
        -:  649:// Increments the test part result count and remembers the result.
        -:  650:// This method is from the TestPartResultReporterInterface interface.
function _ZN7testing32ScopedFakeTestPartResultReporter20ReportTestPartResultERKNS_14TestPartResultE called 0 returned 0% blocks executed 0%
    #####:  651:void ScopedFakeTestPartResultReporter::ReportTestPartResult(
        -:  652:    const TestPartResult& result) {
    #####:  653:  result_->Append(result);
    %%%%%:  653-block  0
call    0 never executed
    #####:  654:}
        -:  655:
        -:  656:namespace internal {
        -:  657:
        -:  658:// Returns the type ID of ::testing::Test.  We should always call this
        -:  659:// instead of GetTypeId< ::testing::Test>() to get the type ID of
        -:  660:// testing::Test.  This is to work around a suspected linker bug when
        -:  661:// using Google Test as a framework on Mac OS X.  The bug causes
        -:  662:// GetTypeId< ::testing::Test>() to return different values depending
        -:  663:// on whether the call is from the Google Test framework itself or
        -:  664:// from user test code.  GetTestTypeId() is guaranteed to always
        -:  665:// return the same value, as it always calls GetTypeId<>() from the
        -:  666:// gtest.cc, which is within the Google Test framework.
function _ZN7testing8internal13GetTestTypeIdEv called 10 returned 100% blocks executed 100%
       10:  667:TypeId GetTestTypeId() {
       10:  668:  return GetTypeId<Test>();
       10:  668-block  0
call    0 returned 10
        -:  669:}
        -:  670:
        -:  671:// The value of GetTestTypeId() as seen from within the Google Test
        -:  672:// library.  This is solely for testing GetTestTypeId().
        -:  673:extern const TypeId kTestTypeIdInGoogleTest = GetTestTypeId();
        -:  674:
        -:  675:// This predicate-formatter checks that 'results' contains a test part
        -:  676:// failure of the given type and that the failure message contains the
        -:  677:// given substring.
function _ZN7testing8internalL13HasOneFailureEPKcS2_S2_RKNS_19TestPartResultArrayENS_14TestPartResult4TypeERKNSt7__cxx1112basic_stringIcSt11char_traitsIcESaIcEEE called 0 returned 0% blocks executed 0%
    #####:  678:static AssertionResult HasOneFailure(const char* /* results_expr */,
        -:  679:                                     const char* /* type_expr */,
        -:  680:                                     const char* /* substr_expr */,
        -:  681:                                     const TestPartResultArray& results,
        -:  682:                                     TestPartResult::Type type,
        -:  683:                                     const std::string& substr) {
        -:  684:  const std::string expected(type == TestPartResult::kFatalFailure ?
        -:  685:                        "1 fatal failure" :
    #####:  686:                        "1 non-fatal failure");
    %%%%%:  686-block  0
call    0 never executed
branch  1 never executed
branch  2 never executed
    %%%%%:  686-block  1
    %%%%%:  686-block  2
    %%%%%:  686-block  3
call    3 never executed
branch  4 never executed
branch  5 never executed
    $$$$$:  686-block  4
    #####:  687:  Message msg;
call    0 never executed
branch  1 never executed
branch  2 never executed
    #####:  688:  if (results.size() != 1) {
    %%%%%:  688-block  0
call    0 never executed
branch  1 never executed
branch  2 never executed
    #####:  689:    msg << "Expected: " << expected << "\n"
    %%%%%:  689-block  0
call    0 never executed
branch  1 never executed
branch  2 never executed
    %%%%%:  689-block  1
call    3 never executed
branch  4 never executed
branch  5 never executed
    %%%%%:  689-block  2
call    6 never executed
branch  7 never executed
branch  8 never executed
    #####:  690:        << "  Actual: " << results.size() << " failures";
    %%%%%:  690-block  0
call    0 never executed
branch  1 never executed
branch  2 never executed
    %%%%%:  690-block  1
call    3 never executed
call    4 never executed
branch  5 never executed
branch  6 never executed
    %%%%%:  690-block  2
call    7 never executed
branch  8 never executed
branch  9 never executed
    $$$$$:  690-block  3
    #####:  691:    for (int i = 0; i < results.size(); i++) {
    %%%%%:  691-block  0
    %%%%%:  691-block  1
    %%%%%:  691-block  2
call    0 never executed
branch  1 never executed
branch  2 never executed
    #####:  692:      msg << "\n" << results.GetTestPartResult(i);
    %%%%%:  692-block  0
call    0 never executed
branch  1 never executed
branch  2 never executed
    %%%%%:  692-block  1
call    3 never executed
branch  4 never executed
branch  5 never executed
    %%%%%:  692-block  2
call    6 never executed
branch  7 never executed
branch  8 never executed
        -:  693:    }
    #####:  694:    return AssertionFailure() << msg;
    %%%%%:  694-block  0
call    0 never executed
branch  1 never executed
branch  2 never executed
    %%%%%:  694-block  1
call    3 never executed
branch  4 never executed
branch  5 never executed
    %%%%%:  694-block  2
call    6 never executed
branch  7 never executed
branch  8 never executed
    %%%%%:  694-block  3
call    9 never executed
    $$$$$:  694-block  4
call   10 never executed
    $$$$$:  694-block  5
        -:  695:  }
        -:  696:
    #####:  697:  const TestPartResult& r = results.GetTestPartResult(0);
    %%%%%:  697-block  0
call    0 never executed
branch  1 never executed
branch  2 never executed
    #####:  698:  if (r.type() != type) {
    %%%%%:  698-block  0
call    0 never executed
branch  1 never executed
branch  2 never executed
    #####:  699:    return AssertionFailure() << "Expected: " << expected << "\n"
    %%%%%:  699-block  0
call    0 never executed
branch  1 never executed
branch  2 never executed
    %%%%%:  699-block  1
call    3 never executed
branch  4 never executed
branch  5 never executed
    %%%%%:  699-block  2
call    6 never executed
branch  7 never executed
branch  8 never executed
    %%%%%:  699-block  3
call    9 never executed
branch 10 never executed
branch 11 never executed
    %%%%%:  699-block  4
call   12 never executed
    $$$$$:  699-block  5
call   13 never executed
    $$$$$:  699-block  6
    #####:  700:                              << "  Actual:\n"
    %%%%%:  700-block  0
call    0 never executed
branch  1 never executed
branch  2 never executed
    #####:  701:                              << r;
    %%%%%:  701-block  0
call    0 never executed
branch  1 never executed
branch  2 never executed
    %%%%%:  701-block  1
call    3 never executed
branch  4 never executed
branch  5 never executed
        -:  702:  }
        -:  703:
    #####:  704:  if (strstr(r.message(), substr.c_str()) == NULL) {
    %%%%%:  704-block  0
call    0 never executed
call    1 never executed
branch  2 never executed
branch  3 never executed
    #####:  705:    return AssertionFailure() << "Expected: " << expected << " containing \""
    %%%%%:  705-block  0
call    0 never executed
branch  1 never executed
branch  2 never executed
    %%%%%:  705-block  1
call    3 never executed
branch  4 never executed
branch  5 never executed
    %%%%%:  705-block  2
call    6 never executed
branch  7 never executed
branch  8 never executed
    %%%%%:  705-block  3
call    9 never executed
branch 10 never executed
branch 11 never executed
    %%%%%:  705-block  4
call   12 never executed
    $$$$$:  705-block  5
call   13 never executed
    $$$$$:  705-block  6
    #####:  706:                              << substr << "\"\n"
    %%%%%:  706-block  0
call    0 never executed
branch  1 never executed
branch  2 never executed
    %%%%%:  706-block  1
call    3 never executed
branch  4 never executed
branch  5 never executed
    #####:  707:                              << "  Actual:\n"
    %%%%%:  707-block  0
call    0 never executed
branch  1 never executed
branch  2 never executed
    #####:  708:                              << r;
    %%%%%:  708-block  0
call    0 never executed
branch  1 never executed
branch  2 never executed
    %%%%%:  708-block  1
call    3 never executed
branch  4 never executed
branch  5 never executed
        -:  709:  }
        -:  710:
    #####:  711:  return AssertionSuccess();
    %%%%%:  711-block  0
call    0 never executed
branch  1 never executed
branch  2 never executed
    #####:  712:}
    %%%%%:  712-block  0
call    0 never executed
call    1 never executed
    $$$$$:  712-block  1
call    2 never executed
    $$$$$:  712-block  2
call    3 never executed
        -:  713:
        -:  714:// The constructor of SingleFailureChecker remembers where to look up
        -:  715:// test part results, what type of failure we expect, and what
        -:  716:// substring the failure message should contain.
function _ZN7testing8internal20SingleFailureCheckerC2EPKNS_19TestPartResultArrayENS_14TestPartResult4TypeERKNSt7__cxx1112basic_stringIcSt11char_traitsIcESaIcEEE called 0 returned 0% blocks executed 0%
    #####:  717:SingleFailureChecker::SingleFailureChecker(const TestPartResultArray* results,
        -:  718:                                           TestPartResult::Type type,
    #####:  719:                                           const std::string& substr)
    #####:  720:    : results_(results), type_(type), substr_(substr) {}
    %%%%%:  720-block  0
call    0 never executed
        -:  721:
        -:  722:// The destructor of SingleFailureChecker verifies that the given
        -:  723:// TestPartResultArray contains exactly one failure that has the given
        -:  724:// type and contains the given substring.  If that's not the case, a
        -:  725:// non-fatal failure will be generated.
function _ZN7testing8internal20SingleFailureCheckerD2Ev called 0 returned 0% blocks executed 0%
    #####:  726:SingleFailureChecker::~SingleFailureChecker() {
    #####:  727:  EXPECT_PRED_FORMAT3(HasOneFailure, *results_, type_, substr_);
    %%%%%:  727-block  0
call    0 never executed
call    1 never executed
branch  2 never executed
branch  3 never executed
    %%%%%:  727-block  1
call    4 never executed
call    5 never executed
call    6 never executed
call    7 never executed
call    8 never executed
call    9 never executed
    %%%%%:  727-block  2
call   10 never executed
    #####:  728:}
call    0 never executed
        -:  729:
function _ZN7testing8internal35DefaultGlobalTestPartResultReporterC2EPNS0_12UnitTestImplE called 1 returned 100% blocks executed 100%
        1:  730:DefaultGlobalTestPartResultReporter::DefaultGlobalTestPartResultReporter(
        1:  731:    UnitTestImpl* unit_test) : unit_test_(unit_test) {}
        1:  731-block  0
call    0 returned 1
        -:  732:
function _ZN7testing8internal35DefaultGlobalTestPartResultReporter20ReportTestPartResultERKNS_14TestPartResultE called 0 returned 0% blocks executed 0%
    #####:  733:void DefaultGlobalTestPartResultReporter::ReportTestPartResult(
        -:  734:    const TestPartResult& result) {
    #####:  735:  unit_test_->current_test_result()->AddTestPartResult(result);
    %%%%%:  735-block  0
call    0 never executed
call    1 never executed
    #####:  736:  unit_test_->listeners()->repeater()->OnTestPartResult(result);
call    0 never executed
call    1 never executed
call    2 never executed
    #####:  737:}
        -:  738:
function _ZN7testing8internal38DefaultPerThreadTestPartResultReporterC2EPNS0_12UnitTestImplE called 1 returned 100% blocks executed 100%
        1:  739:DefaultPerThreadTestPartResultReporter::DefaultPerThreadTestPartResultReporter(
        1:  740:    UnitTestImpl* unit_test) : unit_test_(unit_test) {}
        1:  740-block  0
call    0 returned 1
        -:  741:
function _ZN7testing8internal38DefaultPerThreadTestPartResultReporter20ReportTestPartResultERKNS_14TestPartResultE called 0 returned 0% blocks executed 0%
    #####:  742:void DefaultPerThreadTestPartResultReporter::ReportTestPartResult(
        -:  743:    const TestPartResult& result) {
    #####:  744:  unit_test_->GetGlobalTestPartResultReporter()->ReportTestPartResult(result);
    %%%%%:  744-block  0
call    0 never executed
call    1 never executed
    #####:  745:}
        -:  746:
        -:  747:// Returns the global test part result reporter.
        -:  748:TestPartResultReporterInterface*
function _ZN7testing8internal12UnitTestImpl31GetGlobalTestPartResultReporterEv called 0 returned 0% blocks executed 0%
    #####:  749:UnitTestImpl::GetGlobalTestPartResultReporter() {
    #####:  750:  internal::MutexLock lock(&global_test_part_result_reporter_mutex_);
    %%%%%:  750-block  0
call    0 never executed
branch  1 never executed
branch  2 never executed
    #####:  751:  return global_test_part_result_repoter_;
    %%%%%:  751-block  0
    #####:  752:}
    %%%%%:  752-block  0
call    0 never executed
        -:  753:
        -:  754:// Sets the global test part result reporter.
function _ZN7testing8internal12UnitTestImpl31SetGlobalTestPartResultReporterEPNS_31TestPartResultReporterInterfaceE called 0 returned 0% blocks executed 0%
    #####:  755:void UnitTestImpl::SetGlobalTestPartResultReporter(
        -:  756:    TestPartResultReporterInterface* reporter) {
    #####:  757:  internal::MutexLock lock(&global_test_part_result_reporter_mutex_);
    %%%%%:  757-block  0
call    0 never executed
branch  1 never executed
branch  2 never executed
    #####:  758:  global_test_part_result_repoter_ = reporter;
    #####:  759:}
    %%%%%:  759-block  0
call    0 never executed
        -:  760:
        -:  761:// Returns the test part result reporter for the current thread.
        -:  762:TestPartResultReporterInterface*
function _ZN7testing8internal12UnitTestImpl41GetTestPartResultReporterForCurrentThreadEv called 0 returned 0% blocks executed 0%
    #####:  763:UnitTestImpl::GetTestPartResultReporterForCurrentThread() {
    #####:  764:  return per_thread_test_part_result_reporter_.get();
    %%%%%:  764-block  0
call    0 never executed
        -:  765:}
        -:  766:
        -:  767:// Sets the test part result reporter for the current thread.
function _ZN7testing8internal12UnitTestImpl41SetTestPartResultReporterForCurrentThreadEPNS_31TestPartResultReporterInterfaceE called 0 returned 0% blocks executed 0%
    #####:  768:void UnitTestImpl::SetTestPartResultReporterForCurrentThread(
        -:  769:    TestPartResultReporterInterface* reporter) {
    #####:  770:  per_thread_test_part_result_reporter_.set(reporter);
    %%%%%:  770-block  0
call    0 never executed
    #####:  771:}
        -:  772:
        -:  773:// Gets the number of successful test cases.
function _ZNK7testing8internal12UnitTestImpl26successful_test_case_countEv called 0 returned 0% blocks executed 0%
    #####:  774:int UnitTestImpl::successful_test_case_count() const {
    #####:  775:  return CountIf(test_cases_, TestCasePassed);
    %%%%%:  775-block  0
call    0 never executed
        -:  776:}
        -:  777:
        -:  778:// Gets the number of failed test cases.
function _ZNK7testing8internal12UnitTestImpl22failed_test_case_countEv called 2 returned 100% blocks executed 100%
        2:  779:int UnitTestImpl::failed_test_case_count() const {
        2:  780:  return CountIf(test_cases_, TestCaseFailed);
        2:  780-block  0
call    0 returned 2
        -:  781:}
        -:  782:
        -:  783:// Gets the number of all test cases.
function _ZNK7testing8internal12UnitTestImpl21total_test_case_countEv called 2 returned 100% blocks executed 100%
        2:  784:int UnitTestImpl::total_test_case_count() const {
        2:  785:  return static_cast<int>(test_cases_.size());
        2:  785-block  0
call    0 returned 2
        -:  786:}
        -:  787:
        -:  788:// Gets the number of all test cases that contain at least one test
        -:  789:// that should run.
function _ZNK7testing8internal12UnitTestImpl22test_case_to_run_countEv called 2 returned 100% blocks executed 100%
        2:  790:int UnitTestImpl::test_case_to_run_count() const {
        2:  791:  return CountIf(test_cases_, ShouldRunTestCase);
        2:  791-block  0
call    0 returned 2
        -:  792:}
        -:  793:
        -:  794:// Gets the number of successful tests.
function _ZNK7testing8internal12UnitTestImpl21successful_test_countEv called 1 returned 100% blocks executed 100%
        1:  795:int UnitTestImpl::successful_test_count() const {
        1:  796:  return SumOverTestCaseList(test_cases_, &TestCase::successful_test_count);
        1:  796-block  0
call    0 returned 1
        -:  797:}
        -:  798:
        -:  799:// Gets the number of failed tests.
function _ZNK7testing8internal12UnitTestImpl17failed_test_countEv called 1 returned 100% blocks executed 100%
        1:  800:int UnitTestImpl::failed_test_count() const {
        1:  801:  return SumOverTestCaseList(test_cases_, &TestCase::failed_test_count);
        1:  801-block  0
call    0 returned 1
        -:  802:}
        -:  803:
        -:  804:// Gets the number of disabled tests that will be reported in the XML report.
function _ZNK7testing8internal12UnitTestImpl30reportable_disabled_test_countEv called 1 returned 100% blocks executed 100%
        1:  805:int UnitTestImpl::reportable_disabled_test_count() const {
        1:  806:  return SumOverTestCaseList(test_cases_,
        1:  806-block  0
call    0 returned 1
        1:  807:                             &TestCase::reportable_disabled_test_count);
        -:  808:}
        -:  809:
        -:  810:// Gets the number of disabled tests.
function _ZNK7testing8internal12UnitTestImpl19disabled_test_countEv called 0 returned 0% blocks executed 0%
    #####:  811:int UnitTestImpl::disabled_test_count() const {
    #####:  812:  return SumOverTestCaseList(test_cases_, &TestCase::disabled_test_count);
    %%%%%:  812-block  0
call    0 never executed
        -:  813:}
        -:  814:
        -:  815:// Gets the number of tests to be printed in the XML report.
function _ZNK7testing8internal12UnitTestImpl21reportable_test_countEv called 0 returned 0% blocks executed 0%
    #####:  816:int UnitTestImpl::reportable_test_count() const {
    #####:  817:  return SumOverTestCaseList(test_cases_, &TestCase::reportable_test_count);
    %%%%%:  817-block  0
call    0 never executed
        -:  818:}
        -:  819:
        -:  820:// Gets the number of all tests.
function _ZNK7testing8internal12UnitTestImpl16total_test_countEv called 0 returned 0% blocks executed 0%
    #####:  821:int UnitTestImpl::total_test_count() const {
    #####:  822:  return SumOverTestCaseList(test_cases_, &TestCase::total_test_count);
    %%%%%:  822-block  0
call    0 never executed
        -:  823:}
        -:  824:
        -:  825:// Gets the number of tests that should run.
function _ZNK7testing8internal12UnitTestImpl17test_to_run_countEv called 2 returned 100% blocks executed 100%
        2:  826:int UnitTestImpl::test_to_run_count() const {
        2:  827:  return SumOverTestCaseList(test_cases_, &TestCase::test_to_run_count);
        2:  827-block  0
call    0 returned 2
        -:  828:}
        -:  829:
        -:  830:// Returns the current OS stack trace as an std::string.
        -:  831://
        -:  832:// The maximum number of stack frames to be included is specified by
        -:  833:// the gtest_stack_trace_depth flag.  The skip_count parameter
        -:  834:// specifies the number of top frames to be skipped, which doesn't
        -:  835:// count against the number of frames to be included.
        -:  836://
        -:  837:// For example, if Foo() calls Bar(), which in turn calls
        -:  838:// CurrentOsStackTraceExceptTop(1), Foo() will be included in the
        -:  839:// trace but Bar() and CurrentOsStackTraceExceptTop() won't.
function _ZN7testing8internal12UnitTestImpl28CurrentOsStackTraceExceptTopB5cxx11Ei called 0 returned 0% blocks executed 0%
    #####:  840:std::string UnitTestImpl::CurrentOsStackTraceExceptTop(int skip_count) {
    #####:  841:  return os_stack_trace_getter()->CurrentStackTrace(
    %%%%%:  841-block  0
call    0 never executed
        -:  842:      static_cast<int>(GTEST_FLAG(stack_trace_depth)),
        -:  843:      skip_count + 1
        -:  844:      // Skips the user-specified number of frames plus this function
        -:  845:      // itself.
    #####:  846:      );  // NOLINT
call    0 never executed
        -:  847:}
        -:  848:
        -:  849:// Returns the current time in milliseconds.
function _ZN7testing8internal15GetTimeInMillisEv called 23 returned 100% blocks executed 100%
       23:  850:TimeInMillis GetTimeInMillis() {
        -:  851:#if GTEST_OS_WINDOWS_MOBILE || defined(__BORLANDC__)
        -:  852:  // Difference between 1970-01-01 and 1601-01-01 in milliseconds.
        -:  853:  // http://analogous.blogspot.com/2005/04/epoch.html
        -:  854:  const TimeInMillis kJavaEpochToWinFileTimeDelta =
        -:  855:    static_cast<TimeInMillis>(116444736UL) * 100000UL;
        -:  856:  const DWORD kTenthMicrosInMilliSecond = 10000;
        -:  857:
        -:  858:  SYSTEMTIME now_systime;
        -:  859:  FILETIME now_filetime;
        -:  860:  ULARGE_INTEGER now_int64;
        -:  861:  // FIXME: Shouldn't this just use
        -:  862:  //   GetSystemTimeAsFileTime()?
        -:  863:  GetSystemTime(&now_systime);
        -:  864:  if (SystemTimeToFileTime(&now_systime, &now_filetime)) {
        -:  865:    now_int64.LowPart = now_filetime.dwLowDateTime;
        -:  866:    now_int64.HighPart = now_filetime.dwHighDateTime;
        -:  867:    now_int64.QuadPart = (now_int64.QuadPart / kTenthMicrosInMilliSecond) -
        -:  868:      kJavaEpochToWinFileTimeDelta;
        -:  869:    return now_int64.QuadPart;
        -:  870:  }
        -:  871:  return 0;
        -:  872:#elif GTEST_OS_WINDOWS && !GTEST_HAS_GETTIMEOFDAY_
        -:  873:  __timeb64 now;
        -:  874:
        -:  875:  // MSVC 8 deprecates _ftime64(), so we want to suppress warning 4996
        -:  876:  // (deprecated function) there.
        -:  877:  // FIXME: Use GetTickCount()?  Or use
        -:  878:  //   SystemTimeToFileTime()
        -:  879:  GTEST_DISABLE_MSC_DEPRECATED_PUSH_()
        -:  880:  _ftime64(&now);
        -:  881:  GTEST_DISABLE_MSC_DEPRECATED_POP_()
        -:  882:
        -:  883:  return static_cast<TimeInMillis>(now.time) * 1000 + now.millitm;
        -:  884:#elif GTEST_HAS_GETTIMEOFDAY_
        -:  885:  struct timeval now;
       23:  886:  gettimeofday(&now, NULL);
       23:  886-block  0
call    0 returned 23
branch  1 taken 23 (fallthrough)
branch  2 taken 0 (throw)
       23:  887:  return static_cast<TimeInMillis>(now.tv_sec) * 1000 + now.tv_usec / 1000;
       23:  887-block  0
       23:  887-block  1
        -:  888:#else
        -:  889:# error "Don't know how to get the current time on your system."
        -:  890:#endif
        -:  891:}
        -:  892:
        -:  893:// Utilities
        -:  894:
        -:  895:// class String.
        -:  896:
        -:  897:#if GTEST_OS_WINDOWS_MOBILE
        -:  898:// Creates a UTF-16 wide string from the given ANSI string, allocating
        -:  899:// memory using new. The caller is responsible for deleting the return
        -:  900:// value using delete[]. Returns the wide string, or NULL if the
        -:  901:// input is NULL.
        -:  902:LPCWSTR String::AnsiToUtf16(const char* ansi) {
        -:  903:  if (!ansi) return NULL;
        -:  904:  const int length = strlen(ansi);
        -:  905:  const int unicode_length =
        -:  906:      MultiByteToWideChar(CP_ACP, 0, ansi, length,
        -:  907:                          NULL, 0);
        -:  908:  WCHAR* unicode = new WCHAR[unicode_length + 1];
        -:  909:  MultiByteToWideChar(CP_ACP, 0, ansi, length,
        -:  910:                      unicode, unicode_length);
        -:  911:  unicode[unicode_length] = 0;
        -:  912:  return unicode;
        -:  913:}
        -:  914:
        -:  915:// Creates an ANSI string from the given wide string, allocating
        -:  916:// memory using new. The caller is responsible for deleting the return
        -:  917:// value using delete[]. Returns the ANSI string, or NULL if the
        -:  918:// input is NULL.
        -:  919:const char* String::Utf16ToAnsi(LPCWSTR utf16_str)  {
        -:  920:  if (!utf16_str) return NULL;
        -:  921:  const int ansi_length =
        -:  922:      WideCharToMultiByte(CP_ACP, 0, utf16_str, -1,
        -:  923:                          NULL, 0, NULL, NULL);
        -:  924:  char* ansi = new char[ansi_length + 1];
        -:  925:  WideCharToMultiByte(CP_ACP, 0, utf16_str, -1,
        -:  926:                      ansi, ansi_length, NULL, NULL);
        -:  927:  ansi[ansi_length] = 0;
        -:  928:  return ansi;
        -:  929:}
        -:  930:
        -:  931:#endif  // GTEST_OS_WINDOWS_MOBILE
        -:  932:
        -:  933:// Compares two C strings.  Returns true iff they have the same content.
        -:  934://
        -:  935:// Unlike strcmp(), this function can handle NULL argument(s).  A NULL
        -:  936:// C string is considered different to any non-NULL C string,
        -:  937:// including the empty string.
function _ZN7testing8internal6String13CStringEqualsEPKcS3_ called 12 returned 100% blocks executed 83%
       12:  938:bool String::CStringEquals(const char * lhs, const char * rhs) {
       12:  939:  if ( lhs == NULL ) return rhs == NULL;
       12:  939-block  0
branch  0 taken 11 (fallthrough)
branch  1 taken 1
       11:  939-block  1
        -:  940:
       1*:  941:  if ( rhs == NULL ) return false;
        1:  941-block  0
branch  0 taken 0 (fallthrough)
branch  1 taken 1
    %%%%%:  941-block  1
        -:  942:
        1:  943:  return strcmp(lhs, rhs) == 0;
        1:  943-block  0
        -:  944:}
        -:  945:
        -:  946:#if GTEST_HAS_STD_WSTRING || GTEST_HAS_GLOBAL_WSTRING
        -:  947:
        -:  948:// Converts an array of wide chars to a narrow string using the UTF-8
        -:  949:// encoding, and streams the result to the given Message object.
function _ZN7testing8internalL24StreamWideCharsToMessageEPKwyPNS_7MessageE called 0 returned 0% blocks executed 0%
    #####:  950:static void StreamWideCharsToMessage(const wchar_t* wstr, size_t length,
        -:  951:                                     Message* msg) {
[...]
    #####: 5842:void ParseGoogleTestFlagsOnlyImpl(int* argc, CharType** argv) {
    #####: 5843:  for (int i = 1; i < *argc; i++) {
    %%%%%: 5843-block  0
    %%%%%: 5843-block  1
call    0 never executed
    %%%%%: 5843-block  2
branch  1 never executed
branch  2 never executed
    $$$$$: 5843-block  3
call    3 never executed
    #####: 5844:    const std::string arg_string = StreamableToString(argv[i]);
    %%%%%: 5844-block  0
call    0 never executed
branch  1 never executed
branch  2 never executed
    #####: 5845:    const char* const arg = arg_string.c_str();
    %%%%%: 5845-block  0
call    0 never executed
        -: 5846:
        -: 5847:    using internal::ParseBoolFlag;
        -: 5848:    using internal::ParseInt32Flag;
        -: 5849:    using internal::ParseStringFlag;
        -: 5850:
    #####: 5851:    bool remove_flag = false;
    #####: 5852:    if (ParseGoogleTestFlag(arg)) {
call    0 never executed
branch  1 never executed
branch  2 never executed
    %%%%%: 5852-block  0
branch  3 never executed
branch  4 never executed
    #####: 5853:      remove_flag = true;
    %%%%%: 5853-block  0
        -: 5854:#if GTEST_USE_OWN_FLAGFILE_FLAG_
    #####: 5855:    } else if (ParseStringFlag(arg, kFlagfileFlag, &GTEST_FLAG(flagfile))) {
    %%%%%: 5855-block  0
call    0 never executed
branch  1 never executed
branch  2 never executed
    %%%%%: 5855-block  1
branch  3 never executed
branch  4 never executed
    #####: 5856:      LoadFlagsFromFile(GTEST_FLAG(flagfile));
    %%%%%: 5856-block  0
call    0 never executed
branch  1 never executed
branch  2 never executed
    #####: 5857:      remove_flag = true;
    %%%%%: 5857-block  0
        -: 5858:#endif  // GTEST_USE_OWN_FLAGFILE_FLAG_
    #####: 5859:    } else if (arg_string == "--help" || arg_string == "-h" ||
    %%%%%: 5859-block  0
call    0 never executed
    %%%%%: 5859-block  1
call    1 never executed
branch  2 never executed
branch  3 never executed
branch  4 never executed
branch  5 never executed
    #####: 5860:               arg_string == "-?" || arg_string == "/?" ||
branch  0 never executed
branch  1 never executed
    %%%%%: 5860-block  0
call    2 never executed
    %%%%%: 5860-block  1
call    3 never executed
branch  4 never executed
branch  5 never executed
branch  6 never executed
branch  7 never executed
    %%%%%: 5860-block  2
    %%%%%: 5860-block  3
    %%%%%: 5860-block  4
branch  8 never executed
branch  9 never executed
    #####: 5861:               HasGoogleTestFlagPrefix(arg)) {
    %%%%%: 5861-block  0
call    0 never executed
        -: 5862:      // Both help flag and unrecognized Google Test flags (excluding
        -: 5863:      // internal ones) trigger help display.
    #####: 5864:      g_help_flag = true;
    %%%%%: 5864-block  0
        -: 5865:    }
        -: 5866:
    #####: 5867:    if (remove_flag) {
    %%%%%: 5867-block  0
branch  0 never executed
branch  1 never executed
        -: 5868:      // Shift the remainder of the argv list left by one.  Note
        -: 5869:      // that argv has (*argc + 1) elements, the last one always being
        -: 5870:      // NULL.  The following loop moves the trailing NULL element as
        -: 5871:      // well.
    #####: 5872:      for (int j = i; j != *argc; j++) {
    %%%%%: 5872-block  0
    %%%%%: 5872-block  1
branch  0 never executed
branch  1 never executed
    #####: 5873:        argv[j] = argv[j + 1];
    %%%%%: 5873-block  0
        -: 5874:      }
        -: 5875:
        -: 5876:      // Decrements the argument count.
    #####: 5877:      (*argc)--;
        -: 5878:
        -: 5879:      // We also need to decrement the iterator as we just removed
        -: 5880:      // an element.
    #####: 5881:      i--;
    %%%%%: 5881-block  0
        -: 5882:    }
        -: 5883:  }
        -: 5884:
    #####: 5885:  if (g_help_flag) {
    %%%%%: 5885-block  0
branch  0 never executed
branch  1 never executed
        -: 5886:    // We print the help here instead of in RUN_ALL_TESTS(), as the
        -: 5887:    // latter may not be called at all if the user is using Google
        -: 5888:    // Test with another testing framework.
    #####: 5889:    PrintColorEncoded(kColorEncodedHelpMessage);
    %%%%%: 5889-block  0
call    0 never executed
        -: 5890:  }
    #####: 5891:}
    %%%%%: 5891-block  0
------------------
_ZN7testing8internal28ParseGoogleTestFlagsOnlyImplIcEEvPiPPT_:
function _ZN7testing8internal28ParseGoogleTestFlagsOnlyImplIcEEvPiPPT_ called 1 returned 100% blocks executed 13%
        1: 5842:void ParseGoogleTestFlagsOnlyImpl(int* argc, CharType** argv) {
       1*: 5843:  for (int i = 1; i < *argc; i++) {
        1: 5843-block  0
    %%%%%: 5843-block  1
call    0 never executed
        1: 5843-block  2
branch  1 taken 0
branch  2 taken 1 (fallthrough)
    $$$$$: 5843-block  3
call    3 never executed
    #####: 5844:    const std::string arg_string = StreamableToString(argv[i]);
    %%%%%: 5844-block  0
call    0 never executed
branch  1 never executed
branch  2 never executed
    #####: 5845:    const char* const arg = arg_string.c_str();
    %%%%%: 5845-block  0
call    0 never executed
        -: 5846:
        -: 5847:    using internal::ParseBoolFlag;
        -: 5848:    using internal::ParseInt32Flag;
        -: 5849:    using internal::ParseStringFlag;
        -: 5850:
    #####: 5851:    bool remove_flag = false;
    #####: 5852:    if (ParseGoogleTestFlag(arg)) {
call    0 never executed
branch  1 never executed
branch  2 never executed
    %%%%%: 5852-block  0
branch  3 never executed
branch  4 never executed
    #####: 5853:      remove_flag = true;
    %%%%%: 5853-block  0
        -: 5854:#if GTEST_USE_OWN_FLAGFILE_FLAG_
    #####: 5855:    } else if (ParseStringFlag(arg, kFlagfileFlag, &GTEST_FLAG(flagfile))) {
    %%%%%: 5855-block  0
call    0 never executed
branch  1 never executed
branch  2 never executed
    %%%%%: 5855-block  1
branch  3 never executed
branch  4 never executed
    #####: 5856:      LoadFlagsFromFile(GTEST_FLAG(flagfile));
    %%%%%: 5856-block  0
call    0 never executed
branch  1 never executed
branch  2 never executed
    #####: 5857:      remove_flag = true;
    %%%%%: 5857-block  0
        -: 5858:#endif  // GTEST_USE_OWN_FLAGFILE_FLAG_
    #####: 5859:    } else if (arg_string == "--help" || arg_string == "-h" ||
    %%%%%: 5859-block  0
call    0 never executed
    %%%%%: 5859-block  1
call    1 never executed
branch  2 never executed
branch  3 never executed
branch  4 never executed
branch  5 never executed
    #####: 5860:               arg_string == "-?" || arg_string == "/?" ||
branch  0 never executed
branch  1 never executed
    %%%%%: 5860-block  0
call    2 never executed
    %%%%%: 5860-block  1
call    3 never executed
branch  4 never executed
branch  5 never executed
branch  6 never executed
branch  7 never executed
    %%%%%: 5860-block  2
    %%%%%: 5860-block  3
    %%%%%: 5860-block  4
branch  8 never executed
branch  9 never executed
    #####: 5861:               HasGoogleTestFlagPrefix(arg)) {
    %%%%%: 5861-block  0
call    0 never executed
        -: 5862:      // Both help flag and unrecognized Google Test flags (excluding
        -: 5863:      // internal ones) trigger help display.
    #####: 5864:      g_help_flag = true;
    %%%%%: 5864-block  0
        -: 5865:    }
        -: 5866:
    #####: 5867:    if (remove_flag) {
    %%%%%: 5867-block  0
branch  0 never executed
branch  1 never executed
        -: 5868:      // Shift the remainder of the argv list left by one.  Note
        -: 5869:      // that argv has (*argc + 1) elements, the last one always being
        -: 5870:      // NULL.  The following loop moves the trailing NULL element as
        -: 5871:      // well.
    #####: 5872:      for (int j = i; j != *argc; j++) {
    %%%%%: 5872-block  0
    %%%%%: 5872-block  1
branch  0 never executed
branch  1 never executed
    #####: 5873:        argv[j] = argv[j + 1];
    %%%%%: 5873-block  0
        -: 5874:      }
        -: 5875:
        -: 5876:      // Decrements the argument count.
    #####: 5877:      (*argc)--;
        -: 5878:
        -: 5879:      // We also need to decrement the iterator as we just removed
        -: 5880:      // an element.
    #####: 5881:      i--;
    %%%%%: 5881-block  0
        -: 5882:    }
        -: 5883:  }
        -: 5884:
        1: 5885:  if (g_help_flag) {
        1: 5885-block  0
branch  0 taken 0 (fallthrough)
branch  1 taken 1
        -: 5886:    // We print the help here instead of in RUN_ALL_TESTS(), as the
        -: 5887:    // latter may not be called at all if the user is using Google
        -: 5888:    // Test with another testing framework.
    #####: 5889:    PrintColorEncoded(kColorEncodedHelpMessage);
    %%%%%: 5889-block  0
call    0 never executed
        -: 5890:  }
        1: 5891:}
        1: 5891-block  0
------------------
        -: 5892:
        -: 5893:// Parses the command line for Google Test flags, without initializing
        -: 5894:// other parts of Google Test.
function _ZN7testing8internal24ParseGoogleTestFlagsOnlyEPiPPc called 1 returned 100% blocks executed 100%
        1: 5895:void ParseGoogleTestFlagsOnly(int* argc, char** argv) {
        1: 5896:  ParseGoogleTestFlagsOnlyImpl(argc, argv);
        1: 5896-block  0
call    0 returned 1
        -: 5897:
        -: 5898:  // Fix the value of *_NSGetArgc() on macOS, but iff
        -: 5899:  // *_NSGetArgv() == argv
        -: 5900:  // Only applicable to char** version of argv
        -: 5901:#if GTEST_OS_MAC
        -: 5902:#ifndef GTEST_OS_IOS
        -: 5903:  if (*_NSGetArgv() == argv) {
        -: 5904:    *_NSGetArgc() = *argc;
        -: 5905:  }
        -: 5906:#endif
        -: 5907:#endif
        1: 5908:}
function _ZN7testing8internal24ParseGoogleTestFlagsOnlyEPiPPw called 0 returned 0% blocks executed 0%
    #####: 5909:void ParseGoogleTestFlagsOnly(int* argc, wchar_t** argv) {
    #####: 5910:  ParseGoogleTestFlagsOnlyImpl(argc, argv);
    %%%%%: 5910-block  0
call    0 never executed
    #####: 5911:}
        -: 5912:
        -: 5913:// The internal implementation of InitGoogleTest().
        -: 5914://
        -: 5915:// The type parameter CharType can be instantiated to either char or
        -: 5916:// wchar_t.
        -: 5917:template <typename CharType>
       1*: 5918:void InitGoogleTestImpl(int* argc, CharType** argv) {
        -: 5919:  // We don't want to run the initialization code twice.
       1*: 5920:  if (GTestIsInitialized()) return;
        -: 5921:
       1*: 5922:  if (*argc <= 0) return;
        -: 5923:
       1*: 5924:  g_argvs.clear();
       2*: 5925:  for (int i = 0; i != *argc; i++) {
       1*: 5926:    g_argvs.push_back(StreamableToString(argv[i]));
        -: 5927:  }
        -: 5928:
        -: 5929:#if GTEST_HAS_ABSL
        -: 5930:  absl::InitializeSymbolizer(g_argvs[0].c_str());
        -: 5931:#endif  // GTEST_HAS_ABSL
        -: 5932:
       1*: 5933:  ParseGoogleTestFlagsOnly(argc, argv);
       1*: 5934:  GetUnitTestImpl()->PostFlagParsingInit();
        -: 5935:}
------------------
_ZN7testing8internal18InitGoogleTestImplIwEEvPiPPT_:
function _ZN7testing8internal18InitGoogleTestImplIwEEvPiPPT_ called 0 returned 0% blocks executed 0%
    #####: 5918:void InitGoogleTestImpl(int* argc, CharType** argv) {
        -: 5919:  // We don't want to run the initialization code twice.
    #####: 5920:  if (GTestIsInitialized()) return;
    %%%%%: 5920-block  0
call    0 never executed
branch  1 never executed
branch  2 never executed
    %%%%%: 5920-block  1
        -: 5921:
    #####: 5922:  if (*argc <= 0) return;
    %%%%%: 5922-block  0
branch  0 never executed
branch  1 never executed
    %%%%%: 5922-block  1
        -: 5923:
    #####: 5924:  g_argvs.clear();
    %%%%%: 5924-block  0
call    0 never executed
    #####: 5925:  for (int i = 0; i != *argc; i++) {
    %%%%%: 5925-block  0
branch  0 never executed
branch  1 never executed
    #####: 5926:    g_argvs.push_back(StreamableToString(argv[i]));
    %%%%%: 5926-block  0
call    0 never executed
call    1 never executed
branch  2 never executed
branch  3 never executed
    %%%%%: 5926-block  1
call    4 never executed
    $$$$$: 5926-block  2
call    5 never executed
        -: 5927:  }
        -: 5928:
        -: 5929:#if GTEST_HAS_ABSL
        -: 5930:  absl::InitializeSymbolizer(g_argvs[0].c_str());
        -: 5931:#endif  // GTEST_HAS_ABSL
        -: 5932:
    #####: 5933:  ParseGoogleTestFlagsOnly(argc, argv);
    %%%%%: 5933-block  0
call    0 never executed
    #####: 5934:  GetUnitTestImpl()->PostFlagParsingInit();
call    0 never executed
call    1 never executed
        -: 5935:}
------------------
_ZN7testing8internal18InitGoogleTestImplIcEEvPiPPT_:
function _ZN7testing8internal18InitGoogleTestImplIcEEvPiPPT_ called 1 returned 100% blocks executed 79%
        1: 5918:void InitGoogleTestImpl(int* argc, CharType** argv) {
        -: 5919:  // We don't want to run the initialization code twice.
       1*: 5920:  if (GTestIsInitialized()) return;
        1: 5920-block  0
call    0 returned 1
branch  1 taken 0 (fallthrough)
branch  2 taken 1
    %%%%%: 5920-block  1
        -: 5921:
       1*: 5922:  if (*argc <= 0) return;
        1: 5922-block  0
branch  0 taken 0 (fallthrough)
branch  1 taken 1
    %%%%%: 5922-block  1
        -: 5923:
        1: 5924:  g_argvs.clear();
        1: 5924-block  0
call    0 returned 1
        2: 5925:  for (int i = 0; i != *argc; i++) {
        2: 5925-block  0
branch  0 taken 1
branch  1 taken 1 (fallthrough)
        1: 5926:    g_argvs.push_back(StreamableToString(argv[i]));
        1: 5926-block  0
call    0 returned 1
call    1 returned 1
branch  2 taken 1 (fallthrough)
branch  3 taken 0 (throw)
        1: 5926-block  1
call    4 returned 1
    $$$$$: 5926-block  2
call    5 never executed
        -: 5927:  }
        -: 5928:
        -: 5929:#if GTEST_HAS_ABSL
        -: 5930:  absl::InitializeSymbolizer(g_argvs[0].c_str());
        -: 5931:#endif  // GTEST_HAS_ABSL
        -: 5932:
        1: 5933:  ParseGoogleTestFlagsOnly(argc, argv);
        1: 5933-block  0
call    0 returned 1
        1: 5934:  GetUnitTestImpl()->PostFlagParsingInit();
call    0 returned 1
call    1 returned 1
        -: 5935:}
------------------
        -: 5936:
        -: 5937:}  // namespace internal
        -: 5938:
        -: 5939:// Initializes Google Test.  This must be called before calling
        -: 5940:// RUN_ALL_TESTS().  In particular, it parses a command line for the
        -: 5941:// flags that Google Test recognizes.  Whenever a Google Test flag is
        -: 5942:// seen, it is removed from argv, and *argc is decremented.
        -: 5943://
        -: 5944:// No value is returned.  Instead, the Google Test flag variables are
        -: 5945:// updated.
        -: 5946://
        -: 5947:// Calling the function for the second time has no user-visible effect.
function _ZN7testing14InitGoogleTestEPiPPc called 1 returned 100% blocks executed 100%
        1: 5948:void InitGoogleTest(int* argc, char** argv) {
        -: 5949:#if defined(GTEST_CUSTOM_INIT_GOOGLE_TEST_FUNCTION_)
        -: 5950:  GTEST_CUSTOM_INIT_GOOGLE_TEST_FUNCTION_(argc, argv);
        -: 5951:#else  // defined(GTEST_CUSTOM_INIT_GOOGLE_TEST_FUNCTION_)
        1: 5952:  internal::InitGoogleTestImpl(argc, argv);
        1: 5952-block  0
call    0 returned 1
        -: 5953:#endif  // defined(GTEST_CUSTOM_INIT_GOOGLE_TEST_FUNCTION_)
        1: 5954:}
        -: 5955:
        -: 5956:// This overloaded version can be used in Windows programs compiled in
        -: 5957:// UNICODE mode.
function _ZN7testing14InitGoogleTestEPiPPw called 0 returned 0% blocks executed 0%
    #####: 5958:void InitGoogleTest(int* argc, wchar_t** argv) {
        -: 5959:#if defined(GTEST_CUSTOM_INIT_GOOGLE_TEST_FUNCTION_)
        -: 5960:  GTEST_CUSTOM_INIT_GOOGLE_TEST_FUNCTION_(argc, argv);
        -: 5961:#else  // defined(GTEST_CUSTOM_INIT_GOOGLE_TEST_FUNCTION_)
    #####: 5962:  internal::InitGoogleTestImpl(argc, argv);
    %%%%%: 5962-block  0
call    0 never executed
        -: 5963:#endif  // defined(GTEST_CUSTOM_INIT_GOOGLE_TEST_FUNCTION_)
    #####: 5964:}
        -: 5965:
function _ZN7testing7TempDirB5cxx11Ev called 0 returned 0% blocks executed 0%
    #####: 5966:std::string TempDir() {
        -: 5967:#if defined(GTEST_CUSTOM_TEMPDIR_FUNCTION_)
        -: 5968:  return GTEST_CUSTOM_TEMPDIR_FUNCTION_();
        -: 5969:#endif
        -: 5970:
        -: 5971:#if GTEST_OS_WINDOWS_MOBILE
        -: 5972:  return "\\temp\\";
        -: 5973:#elif GTEST_OS_WINDOWS
    #####: 5974:  const char* temp_dir = internal::posix::GetEnv("TEMP");
    %%%%%: 5974-block  0
call    0 never executed
    #####: 5975:  if (temp_dir == NULL || temp_dir[0] == '\0')
branch  0 never executed
branch  1 never executed
    %%%%%: 5975-block  0
branch  2 never executed
branch  3 never executed
    #####: 5976:    return "\\temp\\";
    %%%%%: 5976-block  0
call    0 never executed
call    1 never executed
branch  2 never executed
branch  3 never executed
    %%%%%: 5976-block  1
call    4 never executed
    $$$$$: 5976-block  2
call    5 never executed
    $$$$$: 5976-block  3
    #####: 5977:  else if (temp_dir[strlen(temp_dir) - 1] == '\\')
    %%%%%: 5977-block  0
branch  0 never executed
branch  1 never executed
    #####: 5978:    return temp_dir;
    %%%%%: 5978-block  0
call    0 never executed
call    1 never executed
branch  2 never executed
branch  3 never executed
    %%%%%: 5978-block  1
call    4 never executed
    $$$$$: 5978-block  2
call    5 never executed
    $$$$$: 5978-block  3
        -: 5979:  else
    #####: 5980:    return std::string(temp_dir) + "\\";
    %%%%%: 5980-block  0
call    0 never executed
call    1 never executed
branch  2 never executed
branch  3 never executed
    %%%%%: 5980-block  1
call    4 never executed
branch  5 never executed
branch  6 never executed
    %%%%%: 5980-block  2
call    7 never executed
call    8 never executed
    $$$$$: 5980-block  3
call    9 never executed
    $$$$$: 5980-block  4
    $$$$$: 5980-block  5
call   10 never executed
    $$$$$: 5980-block  6
        -: 5981:#elif GTEST_OS_LINUX_ANDROID
        -: 5982:  return "/sdcard/";
        -: 5983:#else
        -: 5984:  return "/tmp/";
        -: 5985:#endif  // GTEST_OS_WINDOWS_MOBILE
        -: 5986:}
        -: 5987:
        -: 5988:// Class ScopedTrace
        -: 5989:
        -: 5990:// Pushes the given source file location and message onto a per-thread
        -: 5991:// trace stack maintained by Google Test.
function _ZN7testing11ScopedTrace9PushTraceEPKciNSt7__cxx1112basic_stringIcSt11char_traitsIcESaIcEEE called 0 returned 0% blocks executed 0%
    #####: 5992:void ScopedTrace::PushTrace(const char* file, int line, std::string message) {
    #####: 5993:  internal::TraceInfo trace;
    %%%%%: 5993-block  0
call    0 never executed
    #####: 5994:  trace.file = file;
    #####: 5995:  trace.line = line;
    #####: 5996:  trace.message.swap(message);
call    0 never executed
        -: 5997:
    #####: 5998:  UnitTest::GetInstance()->PushGTestTrace(trace);
call    0 never executed
branch  1 never executed
branch  2 never executed
    %%%%%: 5998-block  0
call    3 never executed
branch  4 never executed
branch  5 never executed
    #####: 5999:}
    %%%%%: 5999-block  0
call    0 never executed
    $$$$$: 5999-block  1
call    1 never executed
        -: 6000:
        -: 6001:// Pops the info pushed by the c'tor.
function _ZN7testing11ScopedTraceD2Ev called 0 returned 0% blocks executed 0%
    #####: 6002:ScopedTrace::~ScopedTrace()
        -: 6003:    GTEST_LOCK_EXCLUDED_(&UnitTest::mutex_) {
    #####: 6004:  UnitTest::GetInstance()->PopGTestTrace();
    %%%%%: 6004-block  0
call    0 never executed
call    1 never executed
    #####: 6005:}
        -: 6006:
        -: 6007:}  // namespace testing
