        -:    0:Source:D:/IDE/CLion 2023.1.4/workspace/sudoku/googletest/googletest/src/gtest-typed-test.cc
        -:    0:Graph:D:\IDE\CLion 2023.1.4\workspace\sudoku\cmake-build-debug-\googletest\googlemock\gtest\CMakeFiles\gtest.dir\src\gtest-all.cc.gcno
        -:    0:Data:D:\IDE\CLion 2023.1.4\workspace\sudoku\cmake-build-debug-\googletest\googlemock\gtest\CMakeFiles\gtest.dir\src\gtest-all.cc.gcda
        -:    0:Runs:1
        -:    1:// Copyright 2008 Google Inc.
        -:    2:// All Rights Reserved.
        -:    3://
        -:    4:// Redistribution and use in source and binary forms, with or without
        -:    5:// modification, are permitted provided that the following conditions are
        -:    6:// met:
        -:    7://
        -:    8://     * Redistributions of source code must retain the above copyright
        -:    9:// notice, this list of conditions and the following disclaimer.
        -:   10://     * Redistributions in binary form must reproduce the above
        -:   11:// copyright notice, this list of conditions and the following disclaimer
        -:   12:// in the documentation and/or other materials provided with the
        -:   13:// distribution.
        -:   14://     * Neither the name of Google Inc. nor the names of its
        -:   15:// contributors may be used to endorse or promote products derived from
        -:   16:// this software without specific prior written permission.
        -:   17://
        -:   18:// THIS SOFTWARE IS PROVIDED BY THE COPYRIGHT HOLDERS AND CONTRIBUTORS
        -:   19:// "AS IS" AND ANY EXPRESS OR IMPLIED WARRANTIES, INCLUDING, BUT NOT
        -:   20:// LIMITED TO, THE IMPLIED WARRANTIES OF MERCHANTABILITY AND FITNESS FOR
        -:   21:// A PARTICULAR PURPOSE ARE DISCLAIMED. IN NO EVENT SHALL THE COPYRIGHT
        -:   22:// OWNER OR CONTRIBUTORS BE LIABLE FOR ANY DIRECT, INDIRECT, INCIDENTAL,
        -:   23:// SPECIAL, EXEMPLARY, OR CONSEQUENTIAL DAMAGES (INCLUDING, BUT NOT
        -:   24:// LIMITED TO, PROCUREMENT OF SUBSTITUTE GOODS OR SERVICES; LOSS OF USE,
        -:   25:// DATA, OR PROFITS; OR BUSINESS INTERRUPTION) HOWEVER CAUSED AND ON ANY
        -:   26:// THEORY OF LIABILITY, WHETHER IN CONTRACT, STRICT LIABILITY, OR TORT
        -:   27:// (INCLUDING NEGLIGENCE OR OTHERWISE) ARISING IN ANY WAY OUT OF THE USE
        -:   28:// OF THIS SOFTWARE, EVEN IF ADVISED OF THE POSSIBILITY OF SUCH DAMAGE.
        -:   29:
        -:   30:
        -:   31:#include "gtest/gtest-typed-test.h"
        -:   32:
        -:   33:#include "gtest/gtest.h"
        -:   34:
        -:   35:namespace testing {
        -:   36:namespace internal {
        -:   37:
        -:   38:#if GTEST_HAS_TYPED_TEST_P
        -:   39:
        -:   40:// Skips to the first non-space char in str. Returns an empty string if str
        -:   41:// contains only whitespace characters.
function _ZN7testing8internalL10SkipSpacesEPKc called 0 returned 0% blocks executed 0%
    #####:   42:static const char* SkipSpaces(const char* str) {
    #####:   43:  while (IsSpace(*str))
    %%%%%:   43-block  0
    %%%%%:   43-block  1
call    0 never executed
branch  1 never executed
branch  2 never executed
    #####:   44:    str++;
    %%%%%:   44-block  0
    #####:   45:  return str;
    %%%%%:   45-block  0
        -:   46:}
        -:   47:
function _ZN7testing8internalL18SplitIntoTestNamesEPKc called 0 returned 0% blocks executed 0%
    #####:   48:static std::vector<std::string> SplitIntoTestNames(const char* src) {
    #####:   49:  std::vector<std::string> name_vec;
    %%%%%:   49-block  0
call    0 never executed
    #####:   50:  src = SkipSpaces(src);
call    0 never executed
    #####:   51:  for (; src != NULL; src = SkipComma(src)) {
    %%%%%:   51-block  0
branch  0 never executed
branch  1 never executed
    #####:   52:    name_vec.push_back(StripTrailingSpaces(GetPrefixUntilComma(src)));
    %%%%%:   52-block  0
call    0 never executed
branch  1 never executed
branch  2 never executed
    %%%%%:   52-block  1
call    3 never executed
branch  4 never executed
branch  5 never executed
    %%%%%:   52-block  2
call    6 never executed
branch  7 never executed
branch  8 never executed
    %%%%%:   52-block  3
call    9 never executed
call   10 never executed
call   11 never executed
    $$$$$:   52-block  4
call   12 never executed
    $$$$$:   52-block  5
    $$$$$:   52-block  6
call   13 never executed
    $$$$$:   52-block  7
        -:   53:  }
    #####:   54:  return name_vec;
    %%%%%:   54-block  0
    %%%%%:   54-block  1
    =====:   55:}
    $$$$$:   55-block  0
call    0 never executed
        -:   56:
        -:   57:// Verifies that registered_tests match the test names in
        -:   58:// registered_tests_; returns registered_tests if successful, or
        -:   59:// aborts the program otherwise.
function _ZN7testing8internal19TypedTestCasePState25VerifyRegisteredTestNamesEPKciS3_ called 0 returned 0% blocks executed 0%
    #####:   60:const char* TypedTestCasePState::VerifyRegisteredTestNames(
        -:   61:    const char* file, int line, const char* registered_tests) {
        -:   62:  typedef RegisteredTestsMap::const_iterator RegisteredTestIter;
    #####:   63:  registered_ = true;
        -:   64:
    #####:   65:  std::vector<std::string> name_vec = SplitIntoTestNames(registered_tests);
    %%%%%:   65-block  0
call    0 never executed
branch  1 never executed
branch  2 never executed
        -:   66:
    #####:   67:  Message errors;
    %%%%%:   67-block  0
call    0 never executed
branch  1 never executed
branch  2 never executed
        -:   68:
    #####:   69:  std::set<std::string> tests;
    %%%%%:   69-block  0
call    0 never executed
    #####:   70:  for (std::vector<std::string>::const_iterator name_it = name_vec.begin();
call    0 never executed
call    1 never executed
    #####:   71:       name_it != name_vec.end(); ++name_it) {
    %%%%%:   71-block  0
call    0 never executed
    %%%%%:   71-block  1
call    1 never executed
call    2 never executed
branch  3 never executed
branch  4 never executed
    #####:   72:    const std::string& name = *name_it;
    %%%%%:   72-block  0
call    0 never executed
    #####:   73:    if (tests.count(name) != 0) {
call    0 never executed
branch  1 never executed
branch  2 never executed
    %%%%%:   73-block  0
branch  3 never executed
branch  4 never executed
    #####:   74:      errors << "Test " << name << " is listed more than once.\n";
    %%%%%:   74-block  0
call    0 never executed
branch  1 never executed
branch  2 never executed
    %%%%%:   74-block  1
call    3 never executed
branch  4 never executed
branch  5 never executed
    %%%%%:   74-block  2
call    6 never executed
branch  7 never executed
branch  8 never executed
    #####:   75:      continue;
    %%%%%:   75-block  0
        -:   76:    }
        -:   77:
    #####:   78:    bool found = false;
    #####:   79:    for (RegisteredTestIter it = registered_tests_.begin();
    %%%%%:   79-block  0
call    0 never executed
call    1 never executed
    #####:   80:         it != registered_tests_.end();
    %%%%%:   80-block  0
call    0 never executed
call    1 never executed
call    2 never executed
branch  3 never executed
branch  4 never executed
    #####:   81:         ++it) {
    %%%%%:   81-block  0
call    0 never executed
    #####:   82:      if (name == it->first) {
    %%%%%:   82-block  0
call    0 never executed
call    1 never executed
branch  2 never executed
branch  3 never executed
    #####:   83:        found = true;
    #####:   84:        break;
    %%%%%:   84-block  0
        -:   85:      }
        -:   86:    }
        -:   87:
    #####:   88:    if (found) {
    %%%%%:   88-block  0
branch  0 never executed
branch  1 never executed
    #####:   89:      tests.insert(name);
    %%%%%:   89-block  0
call    0 never executed
branch  1 never executed
branch  2 never executed
    %%%%%:   89-block  1
        -:   90:    } else {
    #####:   91:      errors << "No test named " << name
    %%%%%:   91-block  0
call    0 never executed
branch  1 never executed
branch  2 never executed
    %%%%%:   91-block  1
call    3 never executed
branch  4 never executed
branch  5 never executed
    #####:   92:             << " can be found in this test case.\n";
    %%%%%:   92-block  0
call    0 never executed
branch  1 never executed
branch  2 never executed
        -:   93:    }
        -:   94:  }
        -:   95:
    #####:   96:  for (RegisteredTestIter it = registered_tests_.begin();
    %%%%%:   96-block  0
call    0 never executed
call    1 never executed
    #####:   97:       it != registered_tests_.end();
    %%%%%:   97-block  0
call    0 never executed
call    1 never executed
call    2 never executed
branch  3 never executed
branch  4 never executed
    #####:   98:       ++it) {
    %%%%%:   98-block  0
call    0 never executed
    #####:   99:    if (tests.count(it->first) == 0) {
    %%%%%:   99-block  0
call    0 never executed
call    1 never executed
branch  2 never executed
branch  3 never executed
    %%%%%:   99-block  1
branch  4 never executed
branch  5 never executed
    #####:  100:      errors << "You forgot to list test " << it->first << ".\n";
    %%%%%:  100-block  0
call    0 never executed
branch  1 never executed
branch  2 never executed
    %%%%%:  100-block  1
call    3 never executed
call    4 never executed
branch  5 never executed
branch  6 never executed
    %%%%%:  100-block  2
call    7 never executed
branch  8 never executed
branch  9 never executed
        -:  101:    }
        -:  102:  }
        -:  103:
    #####:  104:  const std::string& errors_str = errors.GetString();
    %%%%%:  104-block  0
call    0 never executed
branch  1 never executed
branch  2 never executed
    #####:  105:  if (errors_str != "") {
    %%%%%:  105-block  0
call    0 never executed
branch  1 never executed
branch  2 never executed
    %%%%%:  105-block  1
branch  3 never executed
branch  4 never executed
    #####:  106:    fprintf(stderr, "%s %s", FormatFileLocation(file, line).c_str(),
    %%%%%:  106-block  0
call    0 never executed
call    1 never executed
branch  2 never executed
branch  3 never executed
    %%%%%:  106-block  1
call    4 never executed
call    5 never executed
branch  6 never executed
branch  7 never executed
    %%%%%:  106-block  2
call    8 never executed
call    9 never executed
    $$$$$:  106-block  3
call   10 never executed
    $$$$$:  106-block  4
        -:  107:            errors_str.c_str());
    #####:  108:    fflush(stderr);
call    0 never executed
branch  1 never executed
branch  2 never executed
    %%%%%:  108-block  0
call    3 never executed
branch  4 never executed
branch  5 never executed
    #####:  109:    posix::Abort();
    %%%%%:  109-block  0
call    0 never executed
branch  1 never executed
branch  2 never executed
        -:  110:  }
        -:  111:
    #####:  112:  return registered_tests;
    %%%%%:  112-block  0
    #####:  113:}
    %%%%%:  113-block  0
call    0 never executed
call    1 never executed
call    2 never executed
call    3 never executed
    $$$$$:  113-block  1
call    4 never executed
    $$$$$:  113-block  2
call    5 never executed
    $$$$$:  113-block  3
call    6 never executed
    $$$$$:  113-block  4
call    7 never executed
        -:  114:
        -:  115:#endif  // GTEST_HAS_TYPED_TEST_P
        -:  116:
        -:  117:}  // namespace internal
        -:  118:}  // namespace testing
